2022-10-09 00:40:52 error: uncaughtException: Cannot find module '@controllers/user.controller'
Require stack:
- F:\Literatura UBT\Tema Diplomes\Projekti\rest\src\routes\user.route.ts
- F:\Literatura UBT\Tema Diplomes\Projekti\rest\src\routes\index.ts
- F:\Literatura UBT\Tema Diplomes\Projekti\rest\src\server.ts
Error: Cannot find module '@controllers/user.controller'
Require stack:
- F:\Literatura UBT\Tema Diplomes\Projekti\rest\src\routes\user.route.ts
- F:\Literatura UBT\Tema Diplomes\Projekti\rest\src\routes\index.ts
- F:\Literatura UBT\Tema Diplomes\Projekti\rest\src\server.ts
    at Function.Module._resolveFilename (internal/modules/cjs/loader.js:880:15)
    at Function.Module._resolveFilename.sharedData.moduleResolveFilenameHook.installedValue [as _resolveFilename] (F:\Literatura UBT\Tema Diplomes\Projekti\rest\node_modules\@cspotcode\source-map-support\source-map-support.js:811:30)
    at Function.Module._load (internal/modules/cjs/loader.js:725:27)
    at Module.require (internal/modules/cjs/loader.js:952:19)
    at require (internal/modules/cjs/helpers.js:88:18)
    at Object.<anonymous> (F:\Literatura UBT\Tema Diplomes\Projekti\rest\src\routes\user.route.ts:2:1)
    at Module._compile (internal/modules/cjs/loader.js:1063:30)
    at Module.m._compile (F:\Literatura UBT\Tema Diplomes\Projekti\rest\node_modules\ts-node\src\index.ts:1618:23)
    at Module._extensions..js (internal/modules/cjs/loader.js:1092:10)
    at Object.require.extensions.<computed> [as .ts] (F:\Literatura UBT\Tema Diplomes\Projekti\rest\node_modules\ts-node\src\index.ts:1621:12)
2022-10-09 00:41:30 error: uncaughtException: Cannot find module '@controllers/user.controller'
Require stack:
- F:\Literatura UBT\Tema Diplomes\Projekti\rest\src\routes\user.route.ts
- F:\Literatura UBT\Tema Diplomes\Projekti\rest\src\routes\index.ts
- F:\Literatura UBT\Tema Diplomes\Projekti\rest\src\server.ts
Error: Cannot find module '@controllers/user.controller'
Require stack:
- F:\Literatura UBT\Tema Diplomes\Projekti\rest\src\routes\user.route.ts
- F:\Literatura UBT\Tema Diplomes\Projekti\rest\src\routes\index.ts
- F:\Literatura UBT\Tema Diplomes\Projekti\rest\src\server.ts
    at Function.Module._resolveFilename (internal/modules/cjs/loader.js:880:15)
    at Function.Module._resolveFilename.sharedData.moduleResolveFilenameHook.installedValue [as _resolveFilename] (F:\Literatura UBT\Tema Diplomes\Projekti\rest\node_modules\@cspotcode\source-map-support\source-map-support.js:811:30)
    at Function.Module._load (internal/modules/cjs/loader.js:725:27)
    at Module.require (internal/modules/cjs/loader.js:952:19)
    at require (internal/modules/cjs/helpers.js:88:18)
    at Object.<anonymous> (F:\Literatura UBT\Tema Diplomes\Projekti\rest\src\routes\user.route.ts:2:1)
    at Module._compile (internal/modules/cjs/loader.js:1063:30)
    at Module.m._compile (F:\Literatura UBT\Tema Diplomes\Projekti\rest\node_modules\ts-node\src\index.ts:1618:23)
    at Module._extensions..js (internal/modules/cjs/loader.js:1092:10)
    at Object.require.extensions.<computed> [as .ts] (F:\Literatura UBT\Tema Diplomes\Projekti\rest\node_modules\ts-node\src\index.ts:1621:12)
2022-10-09 00:42:04 error: uncaughtException: Cannot find module '@controllers/user.controller'
Require stack:
- F:\Literatura UBT\Tema Diplomes\Projekti\rest\src\routes\user.route.ts
- F:\Literatura UBT\Tema Diplomes\Projekti\rest\src\routes\index.ts
- F:\Literatura UBT\Tema Diplomes\Projekti\rest\src\server.ts
Error: Cannot find module '@controllers/user.controller'
Require stack:
- F:\Literatura UBT\Tema Diplomes\Projekti\rest\src\routes\user.route.ts
- F:\Literatura UBT\Tema Diplomes\Projekti\rest\src\routes\index.ts
- F:\Literatura UBT\Tema Diplomes\Projekti\rest\src\server.ts
    at Function.Module._resolveFilename (internal/modules/cjs/loader.js:880:15)
    at Function.Module._resolveFilename.sharedData.moduleResolveFilenameHook.installedValue [as _resolveFilename] (F:\Literatura UBT\Tema Diplomes\Projekti\rest\node_modules\@cspotcode\source-map-support\source-map-support.js:811:30)
    at Function.Module._load (internal/modules/cjs/loader.js:725:27)
    at Module.require (internal/modules/cjs/loader.js:952:19)
    at require (internal/modules/cjs/helpers.js:88:18)
    at Object.<anonymous> (F:\Literatura UBT\Tema Diplomes\Projekti\rest\src\routes\user.route.ts:2:1)
    at Module._compile (internal/modules/cjs/loader.js:1063:30)
    at Module.m._compile (F:\Literatura UBT\Tema Diplomes\Projekti\rest\node_modules\ts-node\src\index.ts:1618:23)
    at Module._extensions..js (internal/modules/cjs/loader.js:1092:10)
    at Object.require.extensions.<computed> [as .ts] (F:\Literatura UBT\Tema Diplomes\Projekti\rest\node_modules\ts-node\src\index.ts:1621:12)
2022-10-09 00:42:31 error: uncaughtException: Cannot find module '@controllers/user.controller'
Require stack:
- F:\Literatura UBT\Tema Diplomes\Projekti\rest\src\routes\user.route.ts
- F:\Literatura UBT\Tema Diplomes\Projekti\rest\src\routes\index.ts
- F:\Literatura UBT\Tema Diplomes\Projekti\rest\src\server.ts
Error: Cannot find module '@controllers/user.controller'
Require stack:
- F:\Literatura UBT\Tema Diplomes\Projekti\rest\src\routes\user.route.ts
- F:\Literatura UBT\Tema Diplomes\Projekti\rest\src\routes\index.ts
- F:\Literatura UBT\Tema Diplomes\Projekti\rest\src\server.ts
    at Function.Module._resolveFilename (internal/modules/cjs/loader.js:880:15)
    at Function.Module._resolveFilename.sharedData.moduleResolveFilenameHook.installedValue [as _resolveFilename] (F:\Literatura UBT\Tema Diplomes\Projekti\rest\node_modules\@cspotcode\source-map-support\source-map-support.js:811:30)
    at Function.Module._load (internal/modules/cjs/loader.js:725:27)
    at Module.require (internal/modules/cjs/loader.js:952:19)
    at require (internal/modules/cjs/helpers.js:88:18)
    at Object.<anonymous> (F:\Literatura UBT\Tema Diplomes\Projekti\rest\src\routes\user.route.ts:2:1)
    at Module._compile (internal/modules/cjs/loader.js:1063:30)
    at Module.m._compile (F:\Literatura UBT\Tema Diplomes\Projekti\rest\node_modules\ts-node\src\index.ts:1618:23)
    at Module._extensions..js (internal/modules/cjs/loader.js:1092:10)
    at Object.require.extensions.<computed> [as .ts] (F:\Literatura UBT\Tema Diplomes\Projekti\rest\node_modules\ts-node\src\index.ts:1621:12)
2022-10-09 00:44:37 error: uncaughtException: Cannot find module '@controllers/user.controller'
Require stack:
- F:\Literatura UBT\Tema Diplomes\Projekti\rest\src\routes\user.route.ts
- F:\Literatura UBT\Tema Diplomes\Projekti\rest\src\routes\index.ts
- F:\Literatura UBT\Tema Diplomes\Projekti\rest\src\server.ts
Error: Cannot find module '@controllers/user.controller'
Require stack:
- F:\Literatura UBT\Tema Diplomes\Projekti\rest\src\routes\user.route.ts
- F:\Literatura UBT\Tema Diplomes\Projekti\rest\src\routes\index.ts
- F:\Literatura UBT\Tema Diplomes\Projekti\rest\src\server.ts
    at Function.Module._resolveFilename (internal/modules/cjs/loader.js:880:15)
    at Function.Module._resolveFilename.sharedData.moduleResolveFilenameHook.installedValue [as _resolveFilename] (F:\Literatura UBT\Tema Diplomes\Projekti\rest\node_modules\@cspotcode\source-map-support\source-map-support.js:811:30)
    at Function.Module._load (internal/modules/cjs/loader.js:725:27)
    at Module.require (internal/modules/cjs/loader.js:952:19)
    at require (internal/modules/cjs/helpers.js:88:18)
    at Object.<anonymous> (F:\Literatura UBT\Tema Diplomes\Projekti\rest\src\routes\user.route.ts:2:1)
    at Module._compile (internal/modules/cjs/loader.js:1063:30)
    at Module.m._compile (F:\Literatura UBT\Tema Diplomes\Projekti\rest\node_modules\ts-node\src\index.ts:1618:23)
    at Module._extensions..js (internal/modules/cjs/loader.js:1092:10)
    at Object.require.extensions.<computed> [as .ts] (F:\Literatura UBT\Tema Diplomes\Projekti\rest\node_modules\ts-node\src\index.ts:1621:12)
2022-10-09 00:46:21 error: uncaughtException: Cannot find module '@controllers/user.controller'
Require stack:
- F:\Literatura UBT\Tema Diplomes\Projekti\rest\src\routes\user.route.ts
- F:\Literatura UBT\Tema Diplomes\Projekti\rest\src\routes\index.ts
- F:\Literatura UBT\Tema Diplomes\Projekti\rest\src\server.ts
Error: Cannot find module '@controllers/user.controller'
Require stack:
- F:\Literatura UBT\Tema Diplomes\Projekti\rest\src\routes\user.route.ts
- F:\Literatura UBT\Tema Diplomes\Projekti\rest\src\routes\index.ts
- F:\Literatura UBT\Tema Diplomes\Projekti\rest\src\server.ts
    at Function.Module._resolveFilename (internal/modules/cjs/loader.js:880:15)
    at Function.Module._resolveFilename.sharedData.moduleResolveFilenameHook.installedValue [as _resolveFilename] (F:\Literatura UBT\Tema Diplomes\Projekti\rest\node_modules\@cspotcode\source-map-support\source-map-support.js:811:30)
    at Function.Module._load (internal/modules/cjs/loader.js:725:27)
    at Module.require (internal/modules/cjs/loader.js:952:19)
    at require (internal/modules/cjs/helpers.js:88:18)
    at Object.<anonymous> (F:\Literatura UBT\Tema Diplomes\Projekti\rest\src\routes\user.route.ts:2:1)
    at Module._compile (internal/modules/cjs/loader.js:1063:30)
    at Module.m._compile (F:\Literatura UBT\Tema Diplomes\Projekti\rest\node_modules\ts-node\src\index.ts:1618:23)
    at Module._extensions..js (internal/modules/cjs/loader.js:1092:10)
    at Object.require.extensions.<computed> [as .ts] (F:\Literatura UBT\Tema Diplomes\Projekti\rest\node_modules\ts-node\src\index.ts:1621:12)
2022-10-09 01:23:31 [94m ERROR[0m : uncaughtException: тип Unable to compile TypeScript:
[96msrc/middleware/errorHandler.ts[0m:[93m6[0m:[93m51[0m - [91merror[0m[90m TS2304: [0mCannot find name 'HttpException'.

[7m6[0m const errorHandler: ErrorRequestHandler = (error: HttpException, req: Request, res: Response, next: NextFunction) => {
[7m [0m [91m                                                  ~~~~~~~~~~~~~[0m

TSError: тип Unable to compile TypeScript:
[96msrc/middleware/errorHandler.ts[0m:[93m6[0m:[93m51[0m - [91merror[0m[90m TS2304: [0mCannot find name 'HttpException'.

[7m6[0m const errorHandler: ErrorRequestHandler = (error: HttpException, req: Request, res: Response, next: NextFunction) => {
[7m [0m [91m                                                  ~~~~~~~~~~~~~[0m

    at createTSError (F:\Literatura UBT\Tema Diplomes\Projekti\rest\node_modules\ts-node\src\index.ts:859:12)
    at reportTSError (F:\Literatura UBT\Tema Diplomes\Projekti\rest\node_modules\ts-node\src\index.ts:863:19)
    at getOutput (F:\Literatura UBT\Tema Diplomes\Projekti\rest\node_modules\ts-node\src\index.ts:1077:36)
    at Object.compile (F:\Literatura UBT\Tema Diplomes\Projekti\rest\node_modules\ts-node\src\index.ts:1433:41)
    at Module.m._compile (F:\Literatura UBT\Tema Diplomes\Projekti\rest\node_modules\ts-node\src\index.ts:1617:30)
    at Module._extensions..js (internal/modules/cjs/loader.js:1092:10)
    at Object.require.extensions.<computed> [as .ts] (F:\Literatura UBT\Tema Diplomes\Projekti\rest\node_modules\ts-node\src\index.ts:1621:12)
    at Module.load (internal/modules/cjs/loader.js:928:32)
    at Function.Module._load (internal/modules/cjs/loader.js:769:14)
    at Module.require (internal/modules/cjs/loader.js:952:19)
2022-10-09 01:24:26 [94m ERROR[0m : uncaughtException: тип Unable to compile TypeScript:
[96msrc/middleware/errorHandler.ts[0m:[93m6[0m:[93m51[0m - [91merror[0m[90m TS2304: [0mCannot find name 'HttpException'.

[7m6[0m const errorHandler: ErrorRequestHandler = (error: HttpException, req: Request, res: Response, next: NextFunction) => {
[7m [0m [91m                                                  ~~~~~~~~~~~~~[0m

TSError: тип Unable to compile TypeScript:
[96msrc/middleware/errorHandler.ts[0m:[93m6[0m:[93m51[0m - [91merror[0m[90m TS2304: [0mCannot find name 'HttpException'.

[7m6[0m const errorHandler: ErrorRequestHandler = (error: HttpException, req: Request, res: Response, next: NextFunction) => {
[7m [0m [91m                                                  ~~~~~~~~~~~~~[0m

    at createTSError (F:\Literatura UBT\Tema Diplomes\Projekti\rest\node_modules\ts-node\src\index.ts:859:12)
    at reportTSError (F:\Literatura UBT\Tema Diplomes\Projekti\rest\node_modules\ts-node\src\index.ts:863:19)
    at getOutput (F:\Literatura UBT\Tema Diplomes\Projekti\rest\node_modules\ts-node\src\index.ts:1077:36)
    at Object.compile (F:\Literatura UBT\Tema Diplomes\Projekti\rest\node_modules\ts-node\src\index.ts:1433:41)
    at Module.m._compile (F:\Literatura UBT\Tema Diplomes\Projekti\rest\node_modules\ts-node\src\index.ts:1617:30)
    at Module._extensions..js (internal/modules/cjs/loader.js:1092:10)
    at Object.require.extensions.<computed> [as .ts] (F:\Literatura UBT\Tema Diplomes\Projekti\rest\node_modules\ts-node\src\index.ts:1621:12)
    at Module.load (internal/modules/cjs/loader.js:928:32)
    at Function.Module._load (internal/modules/cjs/loader.js:769:14)
    at Module.require (internal/modules/cjs/loader.js:952:19)
2022-10-09 01:24:53 [94m ERROR[0m : uncaughtException: тип Unable to compile TypeScript:
[96msrc/middleware/errorHandler.ts[0m:[93m6[0m:[93m51[0m - [91merror[0m[90m TS2304: [0mCannot find name 'HttpException'.

[7m6[0m const errorHandler: ErrorRequestHandler = (error: HttpException, req: Request, res: Response, next: NextFunction) => {
[7m [0m [91m                                                  ~~~~~~~~~~~~~[0m

TSError: тип Unable to compile TypeScript:
[96msrc/middleware/errorHandler.ts[0m:[93m6[0m:[93m51[0m - [91merror[0m[90m TS2304: [0mCannot find name 'HttpException'.

[7m6[0m const errorHandler: ErrorRequestHandler = (error: HttpException, req: Request, res: Response, next: NextFunction) => {
[7m [0m [91m                                                  ~~~~~~~~~~~~~[0m

    at createTSError (F:\Literatura UBT\Tema Diplomes\Projekti\rest\node_modules\ts-node\src\index.ts:859:12)
    at reportTSError (F:\Literatura UBT\Tema Diplomes\Projekti\rest\node_modules\ts-node\src\index.ts:863:19)
    at getOutput (F:\Literatura UBT\Tema Diplomes\Projekti\rest\node_modules\ts-node\src\index.ts:1077:36)
    at Object.compile (F:\Literatura UBT\Tema Diplomes\Projekti\rest\node_modules\ts-node\src\index.ts:1433:41)
    at Module.m._compile (F:\Literatura UBT\Tema Diplomes\Projekti\rest\node_modules\ts-node\src\index.ts:1617:30)
    at Module._extensions..js (internal/modules/cjs/loader.js:1092:10)
    at Object.require.extensions.<computed> [as .ts] (F:\Literatura UBT\Tema Diplomes\Projekti\rest\node_modules\ts-node\src\index.ts:1621:12)
    at Module.load (internal/modules/cjs/loader.js:928:32)
    at Function.Module._load (internal/modules/cjs/loader.js:769:14)
    at Module.require (internal/modules/cjs/loader.js:952:19)
2022-10-09 01:25:10 [94m ERROR[0m : uncaughtException: тип Unable to compile TypeScript:
[96msrc/middleware/errorHandler.ts[0m:[93m6[0m:[93m30[0m - [91merror[0m[90m TS2304: [0mCannot find name 'HttpException'.

[7m6[0m const errorHandler = (error: HttpException, req: Request, res: Response, next: NextFunction) => {
[7m [0m [91m                             ~~~~~~~~~~~~~[0m

TSError: тип Unable to compile TypeScript:
[96msrc/middleware/errorHandler.ts[0m:[93m6[0m:[93m30[0m - [91merror[0m[90m TS2304: [0mCannot find name 'HttpException'.

[7m6[0m const errorHandler = (error: HttpException, req: Request, res: Response, next: NextFunction) => {
[7m [0m [91m                             ~~~~~~~~~~~~~[0m

    at createTSError (F:\Literatura UBT\Tema Diplomes\Projekti\rest\node_modules\ts-node\src\index.ts:859:12)
    at reportTSError (F:\Literatura UBT\Tema Diplomes\Projekti\rest\node_modules\ts-node\src\index.ts:863:19)
    at getOutput (F:\Literatura UBT\Tema Diplomes\Projekti\rest\node_modules\ts-node\src\index.ts:1077:36)
    at Object.compile (F:\Literatura UBT\Tema Diplomes\Projekti\rest\node_modules\ts-node\src\index.ts:1433:41)
    at Module.m._compile (F:\Literatura UBT\Tema Diplomes\Projekti\rest\node_modules\ts-node\src\index.ts:1617:30)
    at Module._extensions..js (internal/modules/cjs/loader.js:1092:10)
    at Object.require.extensions.<computed> [as .ts] (F:\Literatura UBT\Tema Diplomes\Projekti\rest\node_modules\ts-node\src\index.ts:1621:12)
    at Module.load (internal/modules/cjs/loader.js:928:32)
    at Function.Module._load (internal/modules/cjs/loader.js:769:14)
    at Module.require (internal/modules/cjs/loader.js:952:19)
2022-10-09 01:26:28 [94m ERROR[0m : uncaughtException: тип Unable to compile TypeScript:
[96msrc/middleware/errorHandler.ts[0m:[93m12[0m:[93m65[0m - [91merror[0m[90m TS2304: [0mCannot find name 'status'.

[7m12[0m     logger.error(`[${req.method}] ${req.path} >> StatusCode:: ${status}, Message:: ${message}`)
[7m  [0m [91m                                                                ~~~~~~[0m
[96msrc/middleware/errorHandler.ts[0m:[93m12[0m:[93m86[0m - [91merror[0m[90m TS2304: [0mCannot find name 'message'.

[7m12[0m     logger.error(`[${req.method}] ${req.path} >> StatusCode:: ${status}, Message:: ${message}`)
[7m  [0m [91m                                                                                     ~~~~~~~[0m
[96msrc/middleware/errorHandler.ts[0m:[93m13[0m:[93m16[0m - [91merror[0m[90m TS2304: [0mCannot find name 'status'.

[7m13[0m     res.status(status).json({ message })
[7m  [0m [91m               ~~~~~~[0m
[96msrc/middleware/errorHandler.ts[0m:[93m13[0m:[93m31[0m - [91merror[0m[90m TS18004: [0mNo value exists in scope for the shorthand property 'message'. Either declare one or provide an initializer.

[7m13[0m     res.status(status).json({ message })
[7m  [0m [91m                              ~~~~~~~[0m

TSError: тип Unable to compile TypeScript:
[96msrc/middleware/errorHandler.ts[0m:[93m12[0m:[93m65[0m - [91merror[0m[90m TS2304: [0mCannot find name 'status'.

[7m12[0m     logger.error(`[${req.method}] ${req.path} >> StatusCode:: ${status}, Message:: ${message}`)
[7m  [0m [91m                                                                ~~~~~~[0m
[96msrc/middleware/errorHandler.ts[0m:[93m12[0m:[93m86[0m - [91merror[0m[90m TS2304: [0mCannot find name 'message'.

[7m12[0m     logger.error(`[${req.method}] ${req.path} >> StatusCode:: ${status}, Message:: ${message}`)
[7m  [0m [91m                                                                                     ~~~~~~~[0m
[96msrc/middleware/errorHandler.ts[0m:[93m13[0m:[93m16[0m - [91merror[0m[90m TS2304: [0mCannot find name 'status'.

[7m13[0m     res.status(status).json({ message })
[7m  [0m [91m               ~~~~~~[0m
[96msrc/middleware/errorHandler.ts[0m:[93m13[0m:[93m31[0m - [91merror[0m[90m TS18004: [0mNo value exists in scope for the shorthand property 'message'. Either declare one or provide an initializer.

[7m13[0m     res.status(status).json({ message })
[7m  [0m [91m                              ~~~~~~~[0m

    at createTSError (F:\Literatura UBT\Tema Diplomes\Projekti\rest\node_modules\ts-node\src\index.ts:859:12)
    at reportTSError (F:\Literatura UBT\Tema Diplomes\Projekti\rest\node_modules\ts-node\src\index.ts:863:19)
    at getOutput (F:\Literatura UBT\Tema Diplomes\Projekti\rest\node_modules\ts-node\src\index.ts:1077:36)
    at Object.compile (F:\Literatura UBT\Tema Diplomes\Projekti\rest\node_modules\ts-node\src\index.ts:1433:41)
    at Module.m._compile (F:\Literatura UBT\Tema Diplomes\Projekti\rest\node_modules\ts-node\src\index.ts:1617:30)
    at Module._extensions..js (internal/modules/cjs/loader.js:1092:10)
    at Object.require.extensions.<computed> [as .ts] (F:\Literatura UBT\Tema Diplomes\Projekti\rest\node_modules\ts-node\src\index.ts:1621:12)
    at Module.load (internal/modules/cjs/loader.js:928:32)
    at Function.Module._load (internal/modules/cjs/loader.js:769:14)
    at Module.require (internal/modules/cjs/loader.js:952:19)
2022-10-09 01:31:58 [94m ERROR[0m : uncaughtException: тип Unable to compile TypeScript:
[96msrc/middleware/errorHandler.ts[0m:[93m6[0m:[93m30[0m - [91merror[0m[90m TS2304: [0mCannot find name 'HttpException'.

[7m6[0m const errorHandler = (error: HttpException, req: Request, res: Response, next: NextFunction) => {
[7m [0m [91m                             ~~~~~~~~~~~~~[0m

TSError: тип Unable to compile TypeScript:
[96msrc/middleware/errorHandler.ts[0m:[93m6[0m:[93m30[0m - [91merror[0m[90m TS2304: [0mCannot find name 'HttpException'.

[7m6[0m const errorHandler = (error: HttpException, req: Request, res: Response, next: NextFunction) => {
[7m [0m [91m                             ~~~~~~~~~~~~~[0m

    at createTSError (F:\Literatura UBT\Tema Diplomes\Projekti\rest\node_modules\ts-node\src\index.ts:859:12)
    at reportTSError (F:\Literatura UBT\Tema Diplomes\Projekti\rest\node_modules\ts-node\src\index.ts:863:19)
    at getOutput (F:\Literatura UBT\Tema Diplomes\Projekti\rest\node_modules\ts-node\src\index.ts:1077:36)
    at Object.compile (F:\Literatura UBT\Tema Diplomes\Projekti\rest\node_modules\ts-node\src\index.ts:1433:41)
    at Module.m._compile (F:\Literatura UBT\Tema Diplomes\Projekti\rest\node_modules\ts-node\src\index.ts:1617:30)
    at Module._extensions..js (internal/modules/cjs/loader.js:1092:10)
    at Object.require.extensions.<computed> [as .ts] (F:\Literatura UBT\Tema Diplomes\Projekti\rest\node_modules\ts-node\src\index.ts:1621:12)
    at Module.load (internal/modules/cjs/loader.js:928:32)
    at Function.Module._load (internal/modules/cjs/loader.js:769:14)
    at Module.require (internal/modules/cjs/loader.js:952:19)
2022-10-09 01:33:13 [94m ERROR[0m : uncaughtException: тип Unable to compile TypeScript:
[96msrc/middleware/errorHandler.ts[0m:[93m6[0m:[93m30[0m - [91merror[0m[90m TS2304: [0mCannot find name 'HttpException'.

[7m6[0m const errorHandler = (error: HttpException, req: Request, res: Response, next: NextFunction) => {
[7m [0m [91m                             ~~~~~~~~~~~~~[0m

TSError: тип Unable to compile TypeScript:
[96msrc/middleware/errorHandler.ts[0m:[93m6[0m:[93m30[0m - [91merror[0m[90m TS2304: [0mCannot find name 'HttpException'.

[7m6[0m const errorHandler = (error: HttpException, req: Request, res: Response, next: NextFunction) => {
[7m [0m [91m                             ~~~~~~~~~~~~~[0m

    at createTSError (F:\Literatura UBT\Tema Diplomes\Projekti\rest\node_modules\ts-node\src\index.ts:859:12)
    at reportTSError (F:\Literatura UBT\Tema Diplomes\Projekti\rest\node_modules\ts-node\src\index.ts:863:19)
    at getOutput (F:\Literatura UBT\Tema Diplomes\Projekti\rest\node_modules\ts-node\src\index.ts:1077:36)
    at Object.compile (F:\Literatura UBT\Tema Diplomes\Projekti\rest\node_modules\ts-node\src\index.ts:1433:41)
    at Module.m._compile (F:\Literatura UBT\Tema Diplomes\Projekti\rest\node_modules\ts-node\src\index.ts:1617:30)
    at Module._extensions..js (internal/modules/cjs/loader.js:1092:10)
    at Object.require.extensions.<computed> [as .ts] (F:\Literatura UBT\Tema Diplomes\Projekti\rest\node_modules\ts-node\src\index.ts:1621:12)
    at Module.load (internal/modules/cjs/loader.js:928:32)
    at Function.Module._load (internal/modules/cjs/loader.js:769:14)
    at Module.require (internal/modules/cjs/loader.js:952:19)
2022-10-09 01:41:37 [94m ERROR[0m : [GET] /user >> StatusCode:: 500, Message:: not found
2022-10-09 01:46:50 [94m ERROR[0m : [GET] /userr >> StatusCode:: 404, Message:: Route not found
2022-10-09 01:47:59 [94m ERROR[0m : [GET] /userr >> StatusCode:: 404, Message:: Route not found
2022-10-09 01:50:43 [94m ERROR[0m : [GET] /userr >> StatusCode:: 404, Message:: Route not found
2022-10-09 01:51:36 [94m ERROR[0m : [GET] /userr >> StatusCode:: 404, Message:: Route not found
2022-10-09 01:52:12 [94m ERROR[0m : [GET] /userr >> StatusCode:: 404, Message:: Route not found
2022-10-09 01:53:36 [94m ERROR[0m : [GET] /userr >> StatusCode:: 404, Message:: Route not found
2022-10-09 01:54:51 [94m ERROR[0m : [GET] /userr >> StatusCode:: 404, Message:: Route not found
2022-10-09 01:55:30 [31m ERROR[0m : [GET] /userr >> StatusCode:: 404, Message:: Route not found
2022-10-09 01:57:23 [31m ERROR[0m : [GET] /userr >> StatusCode:: 404, Message:: Route not found
2022-10-09 01:58:26 [31m ERROR[0m : [GET] /userr >> StatusCode:: 404, Message:: Route not found
[2022-10-09 01:59:19] [31m ERROR[0m : [GET] /userr >> StatusCode:: 404, Message:: Route not found
[2022-10-09 01:59:26] [31m ERROR[0m : [GET] /userr >> StatusCode:: 404, Message:: Route not found
[2022-10-09 02:00:21] [31m ERROR[0m : [GET] /userr >> StatusCode:: 404, Message:: Route not found
[2022-10-09 02:03:32] [31m ERROR[0m : [GET] /userr >> StatusCode:: 404, Message:: Route not found
[2022-10-09 02:07:25] [31m ERROR[0m : uncaughtException: тип Unable to compile TypeScript:
[96msrc/controllers/user.controller.ts[0m:[93m17[0m:[93m57[0m - [91merror[0m[90m TS2554: [0mExpected 0 arguments, but got 1.

[7m17[0m     const users: IUser[] = await UserService.fetchUsers(req.body)
[7m  [0m [91m                                                        ~~~~~~~~[0m

TSError: тип Unable to compile TypeScript:
[96msrc/controllers/user.controller.ts[0m:[93m17[0m:[93m57[0m - [91merror[0m[90m TS2554: [0mExpected 0 arguments, but got 1.

[7m17[0m     const users: IUser[] = await UserService.fetchUsers(req.body)
[7m  [0m [91m                                                        ~~~~~~~~[0m

    at createTSError (F:\Literatura UBT\Tema Diplomes\Projekti\rest\node_modules\ts-node\src\index.ts:859:12)
    at reportTSError (F:\Literatura UBT\Tema Diplomes\Projekti\rest\node_modules\ts-node\src\index.ts:863:19)
    at getOutput (F:\Literatura UBT\Tema Diplomes\Projekti\rest\node_modules\ts-node\src\index.ts:1077:36)
    at Object.compile (F:\Literatura UBT\Tema Diplomes\Projekti\rest\node_modules\ts-node\src\index.ts:1433:41)
    at Module.m._compile (F:\Literatura UBT\Tema Diplomes\Projekti\rest\node_modules\ts-node\src\index.ts:1617:30)
    at Module._extensions..js (internal/modules/cjs/loader.js:1092:10)
    at Object.require.extensions.<computed> [as .ts] (F:\Literatura UBT\Tema Diplomes\Projekti\rest\node_modules\ts-node\src\index.ts:1621:12)
    at Module.load (internal/modules/cjs/loader.js:928:32)
    at Function.Module._load (internal/modules/cjs/loader.js:769:14)
    at Module.require (internal/modules/cjs/loader.js:952:19)
[2022-10-09 02:09:43] [31m ERROR[0m : uncaughtException: тип Unable to compile TypeScript:
[96msrc/controllers/user.controller.ts[0m:[93m17[0m:[93m57[0m - [91merror[0m[90m TS2554: [0mExpected 0 arguments, but got 1.

[7m17[0m     const users: IUser[] = await UserService.fetchUsers(req.body)
[7m  [0m [91m                                                        ~~~~~~~~[0m

TSError: тип Unable to compile TypeScript:
[96msrc/controllers/user.controller.ts[0m:[93m17[0m:[93m57[0m - [91merror[0m[90m TS2554: [0mExpected 0 arguments, but got 1.

[7m17[0m     const users: IUser[] = await UserService.fetchUsers(req.body)
[7m  [0m [91m                                                        ~~~~~~~~[0m

    at createTSError (F:\Literatura UBT\Tema Diplomes\Projekti\rest\node_modules\ts-node\src\index.ts:859:12)
    at reportTSError (F:\Literatura UBT\Tema Diplomes\Projekti\rest\node_modules\ts-node\src\index.ts:863:19)
    at getOutput (F:\Literatura UBT\Tema Diplomes\Projekti\rest\node_modules\ts-node\src\index.ts:1077:36)
    at Object.compile (F:\Literatura UBT\Tema Diplomes\Projekti\rest\node_modules\ts-node\src\index.ts:1433:41)
    at Module.m._compile (F:\Literatura UBT\Tema Diplomes\Projekti\rest\node_modules\ts-node\src\index.ts:1617:30)
    at Module._extensions..js (internal/modules/cjs/loader.js:1092:10)
    at Object.require.extensions.<computed> [as .ts] (F:\Literatura UBT\Tema Diplomes\Projekti\rest\node_modules\ts-node\src\index.ts:1621:12)
    at Module.load (internal/modules/cjs/loader.js:928:32)
    at Function.Module._load (internal/modules/cjs/loader.js:769:14)
    at Module.require (internal/modules/cjs/loader.js:952:19)
[2022-10-09 02:10:23] [31m ERROR[0m : uncaughtException: тип Unable to compile TypeScript:
[96msrc/controllers/user.controller.ts[0m:[93m17[0m:[93m57[0m - [91merror[0m[90m TS2554: [0mExpected 0 arguments, but got 1.

[7m17[0m     const users: IUser[] = await UserService.fetchUsers(req.body)
[7m  [0m [91m                                                        ~~~~~~~~[0m

TSError: тип Unable to compile TypeScript:
[96msrc/controllers/user.controller.ts[0m:[93m17[0m:[93m57[0m - [91merror[0m[90m TS2554: [0mExpected 0 arguments, but got 1.

[7m17[0m     const users: IUser[] = await UserService.fetchUsers(req.body)
[7m  [0m [91m                                                        ~~~~~~~~[0m

    at createTSError (F:\Literatura UBT\Tema Diplomes\Projekti\rest\node_modules\ts-node\src\index.ts:859:12)
    at reportTSError (F:\Literatura UBT\Tema Diplomes\Projekti\rest\node_modules\ts-node\src\index.ts:863:19)
    at getOutput (F:\Literatura UBT\Tema Diplomes\Projekti\rest\node_modules\ts-node\src\index.ts:1077:36)
    at Object.compile (F:\Literatura UBT\Tema Diplomes\Projekti\rest\node_modules\ts-node\src\index.ts:1433:41)
    at Module.m._compile (F:\Literatura UBT\Tema Diplomes\Projekti\rest\node_modules\ts-node\src\index.ts:1617:30)
    at Module._extensions..js (internal/modules/cjs/loader.js:1092:10)
    at Object.require.extensions.<computed> [as .ts] (F:\Literatura UBT\Tema Diplomes\Projekti\rest\node_modules\ts-node\src\index.ts:1621:12)
    at Module.load (internal/modules/cjs/loader.js:928:32)
    at Function.Module._load (internal/modules/cjs/loader.js:769:14)
    at Module.require (internal/modules/cjs/loader.js:952:19)
[2022-10-09 02:12:31] [31m ERROR[0m : uncaughtException: тип Unable to compile TypeScript:
[96msrc/controllers/user.controller.ts[0m:[93m17[0m:[93m57[0m - [91merror[0m[90m TS2554: [0mExpected 0 arguments, but got 1.

[7m17[0m     const users: IUser[] = await UserService.fetchUsers(req.body)
[7m  [0m [91m                                                        ~~~~~~~~[0m

TSError: тип Unable to compile TypeScript:
[96msrc/controllers/user.controller.ts[0m:[93m17[0m:[93m57[0m - [91merror[0m[90m TS2554: [0mExpected 0 arguments, but got 1.

[7m17[0m     const users: IUser[] = await UserService.fetchUsers(req.body)
[7m  [0m [91m                                                        ~~~~~~~~[0m

    at createTSError (F:\Literatura UBT\Tema Diplomes\Projekti\rest\node_modules\ts-node\src\index.ts:859:12)
    at reportTSError (F:\Literatura UBT\Tema Diplomes\Projekti\rest\node_modules\ts-node\src\index.ts:863:19)
    at getOutput (F:\Literatura UBT\Tema Diplomes\Projekti\rest\node_modules\ts-node\src\index.ts:1077:36)
    at Object.compile (F:\Literatura UBT\Tema Diplomes\Projekti\rest\node_modules\ts-node\src\index.ts:1433:41)
    at Module.m._compile (F:\Literatura UBT\Tema Diplomes\Projekti\rest\node_modules\ts-node\src\index.ts:1617:30)
    at Module._extensions..js (internal/modules/cjs/loader.js:1092:10)
    at Object.require.extensions.<computed> [as .ts] (F:\Literatura UBT\Tema Diplomes\Projekti\rest\node_modules\ts-node\src\index.ts:1621:12)
    at Module.load (internal/modules/cjs/loader.js:928:32)
    at Function.Module._load (internal/modules/cjs/loader.js:769:14)
    at Module.require (internal/modules/cjs/loader.js:952:19)
[2022-10-09 02:13:11] [31m ERROR[0m : uncaughtException: тип Unable to compile TypeScript:
[96msrc/controllers/user.controller.ts[0m:[93m17[0m:[93m57[0m - [91merror[0m[90m TS2554: [0mExpected 0 arguments, but got 1.

[7m17[0m     const users: IUser[] = await UserService.fetchUsers(req.body)
[7m  [0m [91m                                                        ~~~~~~~~[0m

TSError: тип Unable to compile TypeScript:
[96msrc/controllers/user.controller.ts[0m:[93m17[0m:[93m57[0m - [91merror[0m[90m TS2554: [0mExpected 0 arguments, but got 1.

[7m17[0m     const users: IUser[] = await UserService.fetchUsers(req.body)
[7m  [0m [91m                                                        ~~~~~~~~[0m

    at createTSError (F:\Literatura UBT\Tema Diplomes\Projekti\rest\node_modules\ts-node\src\index.ts:859:12)
    at reportTSError (F:\Literatura UBT\Tema Diplomes\Projekti\rest\node_modules\ts-node\src\index.ts:863:19)
    at getOutput (F:\Literatura UBT\Tema Diplomes\Projekti\rest\node_modules\ts-node\src\index.ts:1077:36)
    at Object.compile (F:\Literatura UBT\Tema Diplomes\Projekti\rest\node_modules\ts-node\src\index.ts:1433:41)
    at Module.m._compile (F:\Literatura UBT\Tema Diplomes\Projekti\rest\node_modules\ts-node\src\index.ts:1617:30)
    at Module._extensions..js (internal/modules/cjs/loader.js:1092:10)
    at Object.require.extensions.<computed> [as .ts] (F:\Literatura UBT\Tema Diplomes\Projekti\rest\node_modules\ts-node\src\index.ts:1621:12)
    at Module.load (internal/modules/cjs/loader.js:928:32)
    at Function.Module._load (internal/modules/cjs/loader.js:769:14)
    at Module.require (internal/modules/cjs/loader.js:952:19)
[2022-10-09 02:13:28] [31m ERROR[0m : uncaughtException: тип Unable to compile TypeScript:
[96msrc/controllers/user.controller.ts[0m:[93m17[0m:[93m57[0m - [91merror[0m[90m TS2554: [0mExpected 0 arguments, but got 1.

[7m17[0m     const users: IUser[] = await UserService.fetchUsers(req.body)
[7m  [0m [91m                                                        ~~~~~~~~[0m

TSError: тип Unable to compile TypeScript:
[96msrc/controllers/user.controller.ts[0m:[93m17[0m:[93m57[0m - [91merror[0m[90m TS2554: [0mExpected 0 arguments, but got 1.

[7m17[0m     const users: IUser[] = await UserService.fetchUsers(req.body)
[7m  [0m [91m                                                        ~~~~~~~~[0m

    at createTSError (F:\Literatura UBT\Tema Diplomes\Projekti\rest\node_modules\ts-node\src\index.ts:859:12)
    at reportTSError (F:\Literatura UBT\Tema Diplomes\Projekti\rest\node_modules\ts-node\src\index.ts:863:19)
    at getOutput (F:\Literatura UBT\Tema Diplomes\Projekti\rest\node_modules\ts-node\src\index.ts:1077:36)
    at Object.compile (F:\Literatura UBT\Tema Diplomes\Projekti\rest\node_modules\ts-node\src\index.ts:1433:41)
    at Module.m._compile (F:\Literatura UBT\Tema Diplomes\Projekti\rest\node_modules\ts-node\src\index.ts:1617:30)
    at Module._extensions..js (internal/modules/cjs/loader.js:1092:10)
    at Object.require.extensions.<computed> [as .ts] (F:\Literatura UBT\Tema Diplomes\Projekti\rest\node_modules\ts-node\src\index.ts:1621:12)
    at Module.load (internal/modules/cjs/loader.js:928:32)
    at Function.Module._load (internal/modules/cjs/loader.js:769:14)
    at Module.require (internal/modules/cjs/loader.js:952:19)
[2022-10-09 02:13:45] [31m ERROR[0m : uncaughtException: тип Unable to compile TypeScript:
[96msrc/controllers/user.controller.ts[0m:[93m17[0m:[93m57[0m - [91merror[0m[90m TS2554: [0mExpected 0 arguments, but got 1.

[7m17[0m     const users: IUser[] = await UserService.fetchUsers(req.body)
[7m  [0m [91m                                                        ~~~~~~~~[0m

TSError: тип Unable to compile TypeScript:
[96msrc/controllers/user.controller.ts[0m:[93m17[0m:[93m57[0m - [91merror[0m[90m TS2554: [0mExpected 0 arguments, but got 1.

[7m17[0m     const users: IUser[] = await UserService.fetchUsers(req.body)
[7m  [0m [91m                                                        ~~~~~~~~[0m

    at createTSError (F:\Literatura UBT\Tema Diplomes\Projekti\rest\node_modules\ts-node\src\index.ts:859:12)
    at reportTSError (F:\Literatura UBT\Tema Diplomes\Projekti\rest\node_modules\ts-node\src\index.ts:863:19)
    at getOutput (F:\Literatura UBT\Tema Diplomes\Projekti\rest\node_modules\ts-node\src\index.ts:1077:36)
    at Object.compile (F:\Literatura UBT\Tema Diplomes\Projekti\rest\node_modules\ts-node\src\index.ts:1433:41)
    at Module.m._compile (F:\Literatura UBT\Tema Diplomes\Projekti\rest\node_modules\ts-node\src\index.ts:1617:30)
    at Module._extensions..js (internal/modules/cjs/loader.js:1092:10)
    at Object.require.extensions.<computed> [as .ts] (F:\Literatura UBT\Tema Diplomes\Projekti\rest\node_modules\ts-node\src\index.ts:1621:12)
    at Module.load (internal/modules/cjs/loader.js:928:32)
    at Function.Module._load (internal/modules/cjs/loader.js:769:14)
    at Module.require (internal/modules/cjs/loader.js:952:19)
[2022-10-09 02:20:04] [31m ERROR[0m : uncaughtException: тип Unable to compile TypeScript:
[96msrc/controllers/user.controller.ts[0m:[93m17[0m:[93m57[0m - [91merror[0m[90m TS2554: [0mExpected 0 arguments, but got 1.

[7m17[0m     const users: IUser[] = await UserService.fetchUsers(req.body)
[7m  [0m [91m                                                        ~~~~~~~~[0m

TSError: тип Unable to compile TypeScript:
[96msrc/controllers/user.controller.ts[0m:[93m17[0m:[93m57[0m - [91merror[0m[90m TS2554: [0mExpected 0 arguments, but got 1.

[7m17[0m     const users: IUser[] = await UserService.fetchUsers(req.body)
[7m  [0m [91m                                                        ~~~~~~~~[0m

    at createTSError (F:\Literatura UBT\Tema Diplomes\Projekti\rest\node_modules\ts-node\src\index.ts:859:12)
    at reportTSError (F:\Literatura UBT\Tema Diplomes\Projekti\rest\node_modules\ts-node\src\index.ts:863:19)
    at getOutput (F:\Literatura UBT\Tema Diplomes\Projekti\rest\node_modules\ts-node\src\index.ts:1077:36)
    at Object.compile (F:\Literatura UBT\Tema Diplomes\Projekti\rest\node_modules\ts-node\src\index.ts:1433:41)
    at Module.m._compile (F:\Literatura UBT\Tema Diplomes\Projekti\rest\node_modules\ts-node\src\index.ts:1617:30)
    at Module._extensions..js (internal/modules/cjs/loader.js:1092:10)
    at Object.require.extensions.<computed> [as .ts] (F:\Literatura UBT\Tema Diplomes\Projekti\rest\node_modules\ts-node\src\index.ts:1621:12)
    at Module.load (internal/modules/cjs/loader.js:928:32)
    at Function.Module._load (internal/modules/cjs/loader.js:769:14)
    at Module.require (internal/modules/cjs/loader.js:952:19)
[2022-10-09 02:21:36] [31m ERROR[0m : uncaughtException: тип Unable to compile TypeScript:
[96msrc/routes/user.route.ts[0m:[93m3[0m:[93m23[0m - [91merror[0m[90m TS2307: [0mCannot find module '@middleware/validator' or its corresponding type declarations.

[7m3[0m import validator from '@middleware/validator'
[7m [0m [91m                      ~~~~~~~~~~~~~~~~~~~~~~~[0m

TSError: тип Unable to compile TypeScript:
[96msrc/routes/user.route.ts[0m:[93m3[0m:[93m23[0m - [91merror[0m[90m TS2307: [0mCannot find module '@middleware/validator' or its corresponding type declarations.

[7m3[0m import validator from '@middleware/validator'
[7m [0m [91m                      ~~~~~~~~~~~~~~~~~~~~~~~[0m

    at createTSError (F:\Literatura UBT\Tema Diplomes\Projekti\rest\node_modules\ts-node\src\index.ts:859:12)
    at reportTSError (F:\Literatura UBT\Tema Diplomes\Projekti\rest\node_modules\ts-node\src\index.ts:863:19)
    at getOutput (F:\Literatura UBT\Tema Diplomes\Projekti\rest\node_modules\ts-node\src\index.ts:1077:36)
    at Object.compile (F:\Literatura UBT\Tema Diplomes\Projekti\rest\node_modules\ts-node\src\index.ts:1433:41)
    at Module.m._compile (F:\Literatura UBT\Tema Diplomes\Projekti\rest\node_modules\ts-node\src\index.ts:1617:30)
    at Module._extensions..js (internal/modules/cjs/loader.js:1092:10)
    at Object.require.extensions.<computed> [as .ts] (F:\Literatura UBT\Tema Diplomes\Projekti\rest\node_modules\ts-node\src\index.ts:1621:12)
    at Module.load (internal/modules/cjs/loader.js:928:32)
    at Function.Module._load (internal/modules/cjs/loader.js:769:14)
    at Module.require (internal/modules/cjs/loader.js:952:19)
[2022-10-09 02:21:47] [31m ERROR[0m : uncaughtException: тип Unable to compile TypeScript:
[96msrc/routes/user.route.ts[0m:[93m9[0m:[93m21[0m - [91merror[0m[90m TS2554: [0mExpected 3 arguments, but got 0.

[7m9[0m UserRouter.get('/', validator(), UserController.registerUser)
[7m [0m [91m                    ~~~~~~~~~~~[0m

  [96msrc/middleware/validator.ts[0m:[93m6[0m:[93m26[0m
    [7m6[0m const validator = async (schema: Joi.ObjectSchema, body: object, next: NextFunction) => {
    [7m [0m [96m                         ~~~~~~~~~~~~~~~~~~~~~~~~[0m
    An argument for 'schema' was not provided.
[96msrc/routes/user.route.ts[0m:[93m9[0m:[93m21[0m - [91merror[0m[90m TS2769: [0mNo overload matches this call.
  The last overload gave the following error.
    Argument of type 'Promise<void>' is not assignable to parameter of type 'RequestHandlerParams<ParamsDictionary, any, any, ParsedQs, Record<string, any>>'.

[7m9[0m UserRouter.get('/', validator(), UserController.registerUser)
[7m [0m [91m                    ~~~~~~~~~~~[0m

  [96mnode_modules/@types/express-serve-static-core/index.d.ts[0m:[93m163[0m:[93m5[0m
    [7m163[0m     <
    [7m   [0m [96m    ~[0m
    [7m164[0m         P = ParamsDictionary,
    [7m   [0m [96m~~~~~~~~~~~~~~~~~~~~~~~~~~~~~[0m
    [7m...[0m 
    [7m172[0m         ...handlers: Array<RequestHandlerParams<P, ResBody, ReqBody, ReqQuery, Locals>>
    [7m   [0m [96m~~~~~~~~~~~~~~~~~~~~~~~~~~~~~~~~~~~~~~~~~~~~~~~~~~~~~~~~~~~~~~~~~~~~~~~~~~~~~~~~~~~~~~~[0m
    [7m173[0m     ): T;
    [7m   [0m [96m~~~~~~~~~[0m
    The last overload is declared here.

TSError: тип Unable to compile TypeScript:
[96msrc/routes/user.route.ts[0m:[93m9[0m:[93m21[0m - [91merror[0m[90m TS2554: [0mExpected 3 arguments, but got 0.

[7m9[0m UserRouter.get('/', validator(), UserController.registerUser)
[7m [0m [91m                    ~~~~~~~~~~~[0m

  [96msrc/middleware/validator.ts[0m:[93m6[0m:[93m26[0m
    [7m6[0m const validator = async (schema: Joi.ObjectSchema, body: object, next: NextFunction) => {
    [7m [0m [96m                         ~~~~~~~~~~~~~~~~~~~~~~~~[0m
    An argument for 'schema' was not provided.
[96msrc/routes/user.route.ts[0m:[93m9[0m:[93m21[0m - [91merror[0m[90m TS2769: [0mNo overload matches this call.
  The last overload gave the following error.
    Argument of type 'Promise<void>' is not assignable to parameter of type 'RequestHandlerParams<ParamsDictionary, any, any, ParsedQs, Record<string, any>>'.

[7m9[0m UserRouter.get('/', validator(), UserController.registerUser)
[7m [0m [91m                    ~~~~~~~~~~~[0m

  [96mnode_modules/@types/express-serve-static-core/index.d.ts[0m:[93m163[0m:[93m5[0m
    [7m163[0m     <
    [7m   [0m [96m    ~[0m
    [7m164[0m         P = ParamsDictionary,
    [7m   [0m [96m~~~~~~~~~~~~~~~~~~~~~~~~~~~~~[0m
    [7m...[0m 
    [7m172[0m         ...handlers: Array<RequestHandlerParams<P, ResBody, ReqBody, ReqQuery, Locals>>
    [7m   [0m [96m~~~~~~~~~~~~~~~~~~~~~~~~~~~~~~~~~~~~~~~~~~~~~~~~~~~~~~~~~~~~~~~~~~~~~~~~~~~~~~~~~~~~~~~[0m
    [7m173[0m     ): T;
    [7m   [0m [96m~~~~~~~~~[0m
    The last overload is declared here.

    at createTSError (F:\Literatura UBT\Tema Diplomes\Projekti\rest\node_modules\ts-node\src\index.ts:859:12)
    at reportTSError (F:\Literatura UBT\Tema Diplomes\Projekti\rest\node_modules\ts-node\src\index.ts:863:19)
    at getOutput (F:\Literatura UBT\Tema Diplomes\Projekti\rest\node_modules\ts-node\src\index.ts:1077:36)
    at Object.compile (F:\Literatura UBT\Tema Diplomes\Projekti\rest\node_modules\ts-node\src\index.ts:1433:41)
    at Module.m._compile (F:\Literatura UBT\Tema Diplomes\Projekti\rest\node_modules\ts-node\src\index.ts:1617:30)
    at Module._extensions..js (internal/modules/cjs/loader.js:1092:10)
    at Object.require.extensions.<computed> [as .ts] (F:\Literatura UBT\Tema Diplomes\Projekti\rest\node_modules\ts-node\src\index.ts:1621:12)
    at Module.load (internal/modules/cjs/loader.js:928:32)
    at Function.Module._load (internal/modules/cjs/loader.js:769:14)
    at Module.require (internal/modules/cjs/loader.js:952:19)
[2022-10-09 02:22:56] [31m ERROR[0m : uncaughtException: тип Unable to compile TypeScript:
[96msrc/routes/user.route.ts[0m:[93m10[0m:[93m21[0m - [91merror[0m[90m TS2554: [0mExpected 3 arguments, but got 1.

[7m10[0m UserRouter.get('/', validator(userValidation.registerSchema), UserController.registerUser)
[7m  [0m [91m                    ~~~~~~~~~~~~~~~~~~~~~~~~~~~~~~~~~~~~~~~~[0m

  [96msrc/middleware/validator.ts[0m:[93m6[0m:[93m52[0m
    [7m6[0m const validator = async (schema: Joi.ObjectSchema, body: object, next: NextFunction) => {
    [7m [0m [96m                                                   ~~~~~~~~~~~~[0m
    An argument for 'body' was not provided.
[96msrc/routes/user.route.ts[0m:[93m10[0m:[93m21[0m - [91merror[0m[90m TS2769: [0mNo overload matches this call.
  The last overload gave the following error.
    Argument of type 'Promise<void>' is not assignable to parameter of type 'RequestHandlerParams<ParamsDictionary, any, any, ParsedQs, Record<string, any>>'.

[7m10[0m UserRouter.get('/', validator(userValidation.registerSchema), UserController.registerUser)
[7m  [0m [91m                    ~~~~~~~~~~~~~~~~~~~~~~~~~~~~~~~~~~~~~~~~[0m

  [96mnode_modules/@types/express-serve-static-core/index.d.ts[0m:[93m163[0m:[93m5[0m
    [7m163[0m     <
    [7m   [0m [96m    ~[0m
    [7m164[0m         P = ParamsDictionary,
    [7m   [0m [96m~~~~~~~~~~~~~~~~~~~~~~~~~~~~~[0m
    [7m...[0m 
    [7m172[0m         ...handlers: Array<RequestHandlerParams<P, ResBody, ReqBody, ReqQuery, Locals>>
    [7m   [0m [96m~~~~~~~~~~~~~~~~~~~~~~~~~~~~~~~~~~~~~~~~~~~~~~~~~~~~~~~~~~~~~~~~~~~~~~~~~~~~~~~~~~~~~~~[0m
    [7m173[0m     ): T;
    [7m   [0m [96m~~~~~~~~~[0m
    The last overload is declared here.

TSError: тип Unable to compile TypeScript:
[96msrc/routes/user.route.ts[0m:[93m10[0m:[93m21[0m - [91merror[0m[90m TS2554: [0mExpected 3 arguments, but got 1.

[7m10[0m UserRouter.get('/', validator(userValidation.registerSchema), UserController.registerUser)
[7m  [0m [91m                    ~~~~~~~~~~~~~~~~~~~~~~~~~~~~~~~~~~~~~~~~[0m

  [96msrc/middleware/validator.ts[0m:[93m6[0m:[93m52[0m
    [7m6[0m const validator = async (schema: Joi.ObjectSchema, body: object, next: NextFunction) => {
    [7m [0m [96m                                                   ~~~~~~~~~~~~[0m
    An argument for 'body' was not provided.
[96msrc/routes/user.route.ts[0m:[93m10[0m:[93m21[0m - [91merror[0m[90m TS2769: [0mNo overload matches this call.
  The last overload gave the following error.
    Argument of type 'Promise<void>' is not assignable to parameter of type 'RequestHandlerParams<ParamsDictionary, any, any, ParsedQs, Record<string, any>>'.

[7m10[0m UserRouter.get('/', validator(userValidation.registerSchema), UserController.registerUser)
[7m  [0m [91m                    ~~~~~~~~~~~~~~~~~~~~~~~~~~~~~~~~~~~~~~~~[0m

  [96mnode_modules/@types/express-serve-static-core/index.d.ts[0m:[93m163[0m:[93m5[0m
    [7m163[0m     <
    [7m   [0m [96m    ~[0m
    [7m164[0m         P = ParamsDictionary,
    [7m   [0m [96m~~~~~~~~~~~~~~~~~~~~~~~~~~~~~[0m
    [7m...[0m 
    [7m172[0m         ...handlers: Array<RequestHandlerParams<P, ResBody, ReqBody, ReqQuery, Locals>>
    [7m   [0m [96m~~~~~~~~~~~~~~~~~~~~~~~~~~~~~~~~~~~~~~~~~~~~~~~~~~~~~~~~~~~~~~~~~~~~~~~~~~~~~~~~~~~~~~~[0m
    [7m173[0m     ): T;
    [7m   [0m [96m~~~~~~~~~[0m
    The last overload is declared here.

    at createTSError (F:\Literatura UBT\Tema Diplomes\Projekti\rest\node_modules\ts-node\src\index.ts:859:12)
    at reportTSError (F:\Literatura UBT\Tema Diplomes\Projekti\rest\node_modules\ts-node\src\index.ts:863:19)
    at getOutput (F:\Literatura UBT\Tema Diplomes\Projekti\rest\node_modules\ts-node\src\index.ts:1077:36)
    at Object.compile (F:\Literatura UBT\Tema Diplomes\Projekti\rest\node_modules\ts-node\src\index.ts:1433:41)
    at Module.m._compile (F:\Literatura UBT\Tema Diplomes\Projekti\rest\node_modules\ts-node\src\index.ts:1617:30)
    at Module._extensions..js (internal/modules/cjs/loader.js:1092:10)
    at Object.require.extensions.<computed> [as .ts] (F:\Literatura UBT\Tema Diplomes\Projekti\rest\node_modules\ts-node\src\index.ts:1621:12)
    at Module.load (internal/modules/cjs/loader.js:928:32)
    at Function.Module._load (internal/modules/cjs/loader.js:769:14)
    at Module.require (internal/modules/cjs/loader.js:952:19)
[2022-10-09 02:24:52] [31m ERROR[0m : uncaughtException: тип Unable to compile TypeScript:
[96msrc/routes/user.route.ts[0m:[93m10[0m:[93m21[0m - [91merror[0m[90m TS2554: [0mExpected 3 arguments, but got 1.

[7m10[0m UserRouter.get('/', validator(userValidation.registerSchema), UserController.registerUser)
[7m  [0m [91m                    ~~~~~~~~~~~~~~~~~~~~~~~~~~~~~~~~~~~~~~~~[0m

  [96msrc/middleware/validator.ts[0m:[93m6[0m:[93m52[0m
    [7m6[0m const validator = async (schema: Joi.ObjectSchema, body: object, next: NextFunction) => {
    [7m [0m [96m                                                   ~~~~~~~~~~~~[0m
    An argument for 'body' was not provided.
[96msrc/routes/user.route.ts[0m:[93m10[0m:[93m21[0m - [91merror[0m[90m TS2769: [0mNo overload matches this call.
  The last overload gave the following error.
    Argument of type 'Promise<void>' is not assignable to parameter of type 'RequestHandlerParams<ParamsDictionary, any, any, ParsedQs, Record<string, any>>'.

[7m10[0m UserRouter.get('/', validator(userValidation.registerSchema), UserController.registerUser)
[7m  [0m [91m                    ~~~~~~~~~~~~~~~~~~~~~~~~~~~~~~~~~~~~~~~~[0m

  [96mnode_modules/@types/express-serve-static-core/index.d.ts[0m:[93m163[0m:[93m5[0m
    [7m163[0m     <
    [7m   [0m [96m    ~[0m
    [7m164[0m         P = ParamsDictionary,
    [7m   [0m [96m~~~~~~~~~~~~~~~~~~~~~~~~~~~~~[0m
    [7m...[0m 
    [7m172[0m         ...handlers: Array<RequestHandlerParams<P, ResBody, ReqBody, ReqQuery, Locals>>
    [7m   [0m [96m~~~~~~~~~~~~~~~~~~~~~~~~~~~~~~~~~~~~~~~~~~~~~~~~~~~~~~~~~~~~~~~~~~~~~~~~~~~~~~~~~~~~~~~[0m
    [7m173[0m     ): T;
    [7m   [0m [96m~~~~~~~~~[0m
    The last overload is declared here.
[96msrc/routes/user.route.ts[0m:[93m10[0m:[93m46[0m - [91merror[0m[90m TS2339: [0mProperty 'registerSchema' does not exist on type '{ registerUserValidation: RequestHandler<ParamsDictionary, any, any, ParsedQs, Record<string, any>>; }'.

[7m10[0m UserRouter.get('/', validator(userValidation.registerSchema), UserController.registerUser)
[7m  [0m [91m                                             ~~~~~~~~~~~~~~[0m

TSError: тип Unable to compile TypeScript:
[96msrc/routes/user.route.ts[0m:[93m10[0m:[93m21[0m - [91merror[0m[90m TS2554: [0mExpected 3 arguments, but got 1.

[7m10[0m UserRouter.get('/', validator(userValidation.registerSchema), UserController.registerUser)
[7m  [0m [91m                    ~~~~~~~~~~~~~~~~~~~~~~~~~~~~~~~~~~~~~~~~[0m

  [96msrc/middleware/validator.ts[0m:[93m6[0m:[93m52[0m
    [7m6[0m const validator = async (schema: Joi.ObjectSchema, body: object, next: NextFunction) => {
    [7m [0m [96m                                                   ~~~~~~~~~~~~[0m
    An argument for 'body' was not provided.
[96msrc/routes/user.route.ts[0m:[93m10[0m:[93m21[0m - [91merror[0m[90m TS2769: [0mNo overload matches this call.
  The last overload gave the following error.
    Argument of type 'Promise<void>' is not assignable to parameter of type 'RequestHandlerParams<ParamsDictionary, any, any, ParsedQs, Record<string, any>>'.

[7m10[0m UserRouter.get('/', validator(userValidation.registerSchema), UserController.registerUser)
[7m  [0m [91m                    ~~~~~~~~~~~~~~~~~~~~~~~~~~~~~~~~~~~~~~~~[0m

  [96mnode_modules/@types/express-serve-static-core/index.d.ts[0m:[93m163[0m:[93m5[0m
    [7m163[0m     <
    [7m   [0m [96m    ~[0m
    [7m164[0m         P = ParamsDictionary,
    [7m   [0m [96m~~~~~~~~~~~~~~~~~~~~~~~~~~~~~[0m
    [7m...[0m 
    [7m172[0m         ...handlers: Array<RequestHandlerParams<P, ResBody, ReqBody, ReqQuery, Locals>>
    [7m   [0m [96m~~~~~~~~~~~~~~~~~~~~~~~~~~~~~~~~~~~~~~~~~~~~~~~~~~~~~~~~~~~~~~~~~~~~~~~~~~~~~~~~~~~~~~~[0m
    [7m173[0m     ): T;
    [7m   [0m [96m~~~~~~~~~[0m
    The last overload is declared here.
[96msrc/routes/user.route.ts[0m:[93m10[0m:[93m46[0m - [91merror[0m[90m TS2339: [0mProperty 'registerSchema' does not exist on type '{ registerUserValidation: RequestHandler<ParamsDictionary, any, any, ParsedQs, Record<string, any>>; }'.

[7m10[0m UserRouter.get('/', validator(userValidation.registerSchema), UserController.registerUser)
[7m  [0m [91m                                             ~~~~~~~~~~~~~~[0m

    at createTSError (F:\Literatura UBT\Tema Diplomes\Projekti\rest\node_modules\ts-node\src\index.ts:859:12)
    at reportTSError (F:\Literatura UBT\Tema Diplomes\Projekti\rest\node_modules\ts-node\src\index.ts:863:19)
    at getOutput (F:\Literatura UBT\Tema Diplomes\Projekti\rest\node_modules\ts-node\src\index.ts:1077:36)
    at Object.compile (F:\Literatura UBT\Tema Diplomes\Projekti\rest\node_modules\ts-node\src\index.ts:1433:41)
    at Module.m._compile (F:\Literatura UBT\Tema Diplomes\Projekti\rest\node_modules\ts-node\src\index.ts:1617:30)
    at Module._extensions..js (internal/modules/cjs/loader.js:1092:10)
    at Object.require.extensions.<computed> [as .ts] (F:\Literatura UBT\Tema Diplomes\Projekti\rest\node_modules\ts-node\src\index.ts:1621:12)
    at Module.load (internal/modules/cjs/loader.js:928:32)
    at Function.Module._load (internal/modules/cjs/loader.js:769:14)
    at Module.require (internal/modules/cjs/loader.js:952:19)
[2022-10-09 02:26:01] [31m ERROR[0m : [POST] /user >> StatusCode:: 422, Message:: "Firstname" is required
[2022-10-09 02:27:21] [31m ERROR[0m : [POST] /user >> StatusCode:: 422, Message:: "Firstname" length must be at least 2 characters long
[2022-10-09 14:46:12] [31m ERROR[0m : uncaughtException: тип Unable to compile TypeScript:
[96msrc/services/user.service.ts[0m:[93m12[0m:[93m20[0m - [91merror[0m[90m TS2339: [0mProperty 'ret' does not exist on type 'IUser & Document<any, any, any> & { _id: ObjectId; }'.

[7m12[0m     return newUser.ret
[7m  [0m [91m                   ~~~[0m

TSError: тип Unable to compile TypeScript:
[96msrc/services/user.service.ts[0m:[93m12[0m:[93m20[0m - [91merror[0m[90m TS2339: [0mProperty 'ret' does not exist on type 'IUser & Document<any, any, any> & { _id: ObjectId; }'.

[7m12[0m     return newUser.ret
[7m  [0m [91m                   ~~~[0m

    at createTSError (F:\Literatura UBT\Tema Diplomes\Projekti\rest\node_modules\ts-node\src\index.ts:859:12)
    at reportTSError (F:\Literatura UBT\Tema Diplomes\Projekti\rest\node_modules\ts-node\src\index.ts:863:19)
    at getOutput (F:\Literatura UBT\Tema Diplomes\Projekti\rest\node_modules\ts-node\src\index.ts:1077:36)
    at Object.compile (F:\Literatura UBT\Tema Diplomes\Projekti\rest\node_modules\ts-node\src\index.ts:1433:41)
    at Module.m._compile (F:\Literatura UBT\Tema Diplomes\Projekti\rest\node_modules\ts-node\src\index.ts:1617:30)
    at Module._extensions..js (internal/modules/cjs/loader.js:1092:10)
    at Object.require.extensions.<computed> [as .ts] (F:\Literatura UBT\Tema Diplomes\Projekti\rest\node_modules\ts-node\src\index.ts:1621:12)
    at Module.load (internal/modules/cjs/loader.js:928:32)
    at Function.Module._load (internal/modules/cjs/loader.js:769:14)
    at Module.require (internal/modules/cjs/loader.js:952:19)
