[2022-10-10 00:45:00] [31m ERROR[0m : uncaughtException: тип Unable to compile TypeScript:
[96msrc/middleware/errorHandler.ts[0m:[93m5[0m:[93m10[0m - [91merror[0m[90m TS2614: [0mModule '"../exceptions/HttpException"' has no exported member 'HttpException'. Did you mean to use 'import HttpException from "../exceptions/HttpException"' instead?

[7m5[0m import { HttpException } from '../exceptions/HttpException';
[7m [0m [91m         ~~~~~~~~~~~~~[0m

TSError: тип Unable to compile TypeScript:
[96msrc/middleware/errorHandler.ts[0m:[93m5[0m:[93m10[0m - [91merror[0m[90m TS2614: [0mModule '"../exceptions/HttpException"' has no exported member 'HttpException'. Did you mean to use 'import HttpException from "../exceptions/HttpException"' instead?

[7m5[0m import { HttpException } from '../exceptions/HttpException';
[7m [0m [91m         ~~~~~~~~~~~~~[0m

    at createTSError (F:\Literatura UBT\Tema Diplomes\Projekti\rest\node_modules\ts-node\src\index.ts:859:12)
    at reportTSError (F:\Literatura UBT\Tema Diplomes\Projekti\rest\node_modules\ts-node\src\index.ts:863:19)
    at getOutput (F:\Literatura UBT\Tema Diplomes\Projekti\rest\node_modules\ts-node\src\index.ts:1077:36)
    at Object.compile (F:\Literatura UBT\Tema Diplomes\Projekti\rest\node_modules\ts-node\src\index.ts:1433:41)
    at Module.m._compile (F:\Literatura UBT\Tema Diplomes\Projekti\rest\node_modules\ts-node\src\index.ts:1617:30)
    at Module._extensions..js (internal/modules/cjs/loader.js:1092:10)
    at Object.require.extensions.<computed> [as .ts] (F:\Literatura UBT\Tema Diplomes\Projekti\rest\node_modules\ts-node\src\index.ts:1621:12)
    at Module.load (internal/modules/cjs/loader.js:928:32)
    at Function.Module._load (internal/modules/cjs/loader.js:769:14)
    at Module.require (internal/modules/cjs/loader.js:952:19)
