2022-10-08 00:03:07 error: uncaughtException: тип Unable to compile TypeScript:
[96msrc/middleware/errorHandler.ts[0m:[93m4[0m:[93m30[0m - [91merror[0m[90m TS2304: [0mCannot find name 'HttpException'.

[7m4[0m const errorHandler = (error: HttpException, req: Request, res: Response, next: NextFunction) => {
[7m [0m [91m                             ~~~~~~~~~~~~~[0m

TSError: тип Unable to compile TypeScript:
[96msrc/middleware/errorHandler.ts[0m:[93m4[0m:[93m30[0m - [91merror[0m[90m TS2304: [0mCannot find name 'HttpException'.

[7m4[0m const errorHandler = (error: HttpException, req: Request, res: Response, next: NextFunction) => {
[7m [0m [91m                             ~~~~~~~~~~~~~[0m

    at createTSError (F:\Literatura UBT\Tema Diplomes\Projekti\rest\node_modules\ts-node\src\index.ts:859:12)
    at reportTSError (F:\Literatura UBT\Tema Diplomes\Projekti\rest\node_modules\ts-node\src\index.ts:863:19)
    at getOutput (F:\Literatura UBT\Tema Diplomes\Projekti\rest\node_modules\ts-node\src\index.ts:1077:36)
    at Object.compile (F:\Literatura UBT\Tema Diplomes\Projekti\rest\node_modules\ts-node\src\index.ts:1433:41)
    at Module.m._compile (F:\Literatura UBT\Tema Diplomes\Projekti\rest\node_modules\ts-node\src\index.ts:1617:30)
    at Module._extensions..js (internal/modules/cjs/loader.js:1092:10)
    at Object.require.extensions.<computed> [as .ts] (F:\Literatura UBT\Tema Diplomes\Projekti\rest\node_modules\ts-node\src\index.ts:1621:12)
    at Module.load (internal/modules/cjs/loader.js:928:32)
    at Function.Module._load (internal/modules/cjs/loader.js:769:14)
    at Module.require (internal/modules/cjs/loader.js:952:19)
2022-10-08 00:03:45 error: uncaughtException: тип Unable to compile TypeScript:
[96msrc/middleware/errorHandler.ts[0m:[93m4[0m:[93m30[0m - [91merror[0m[90m TS2304: [0mCannot find name 'HttpException'.

[7m4[0m const errorHandler = (error: HttpException, req: Request, res: Response, next: NextFunction) => {
[7m [0m [91m                             ~~~~~~~~~~~~~[0m

TSError: тип Unable to compile TypeScript:
[96msrc/middleware/errorHandler.ts[0m:[93m4[0m:[93m30[0m - [91merror[0m[90m TS2304: [0mCannot find name 'HttpException'.

[7m4[0m const errorHandler = (error: HttpException, req: Request, res: Response, next: NextFunction) => {
[7m [0m [91m                             ~~~~~~~~~~~~~[0m

    at createTSError (F:\Literatura UBT\Tema Diplomes\Projekti\rest\node_modules\ts-node\src\index.ts:859:12)
    at reportTSError (F:\Literatura UBT\Tema Diplomes\Projekti\rest\node_modules\ts-node\src\index.ts:863:19)
    at getOutput (F:\Literatura UBT\Tema Diplomes\Projekti\rest\node_modules\ts-node\src\index.ts:1077:36)
    at Object.compile (F:\Literatura UBT\Tema Diplomes\Projekti\rest\node_modules\ts-node\src\index.ts:1433:41)
    at Module.m._compile (F:\Literatura UBT\Tema Diplomes\Projekti\rest\node_modules\ts-node\src\index.ts:1617:30)
    at Module._extensions..js (internal/modules/cjs/loader.js:1092:10)
    at Object.require.extensions.<computed> [as .ts] (F:\Literatura UBT\Tema Diplomes\Projekti\rest\node_modules\ts-node\src\index.ts:1621:12)
    at Module.load (internal/modules/cjs/loader.js:928:32)
    at Function.Module._load (internal/modules/cjs/loader.js:769:14)
    at Module.require (internal/modules/cjs/loader.js:952:19)
2022-10-08 00:05:23 error: uncaughtException: тип Unable to compile TypeScript:
[96msrc/middleware/errorHandler.ts[0m:[93m4[0m:[93m30[0m - [91merror[0m[90m TS2304: [0mCannot find name 'HttpException'.

[7m4[0m const errorHandler = (error: HttpException, req: Request, res: Response, next: NextFunction) => {
[7m [0m [91m                             ~~~~~~~~~~~~~[0m

TSError: тип Unable to compile TypeScript:
[96msrc/middleware/errorHandler.ts[0m:[93m4[0m:[93m30[0m - [91merror[0m[90m TS2304: [0mCannot find name 'HttpException'.

[7m4[0m const errorHandler = (error: HttpException, req: Request, res: Response, next: NextFunction) => {
[7m [0m [91m                             ~~~~~~~~~~~~~[0m

    at createTSError (F:\Literatura UBT\Tema Diplomes\Projekti\rest\node_modules\ts-node\src\index.ts:859:12)
    at reportTSError (F:\Literatura UBT\Tema Diplomes\Projekti\rest\node_modules\ts-node\src\index.ts:863:19)
    at getOutput (F:\Literatura UBT\Tema Diplomes\Projekti\rest\node_modules\ts-node\src\index.ts:1077:36)
    at Object.compile (F:\Literatura UBT\Tema Diplomes\Projekti\rest\node_modules\ts-node\src\index.ts:1433:41)
    at Module.m._compile (F:\Literatura UBT\Tema Diplomes\Projekti\rest\node_modules\ts-node\src\index.ts:1617:30)
    at Module._extensions..js (internal/modules/cjs/loader.js:1092:10)
    at Object.require.extensions.<computed> [as .ts] (F:\Literatura UBT\Tema Diplomes\Projekti\rest\node_modules\ts-node\src\index.ts:1621:12)
    at Module.load (internal/modules/cjs/loader.js:928:32)
    at Function.Module._load (internal/modules/cjs/loader.js:769:14)
    at Module.require (internal/modules/cjs/loader.js:952:19)
2022-10-08 00:06:30 error: uncaughtException: тип Unable to compile TypeScript:
[96msrc/middleware/errorHandler.ts[0m:[93m4[0m:[93m30[0m - [91merror[0m[90m TS2304: [0mCannot find name 'HttpException'.

[7m4[0m const errorHandler = (error: HttpException, req: Request, res: Response, next: NextFunction) => {
[7m [0m [91m                             ~~~~~~~~~~~~~[0m

TSError: тип Unable to compile TypeScript:
[96msrc/middleware/errorHandler.ts[0m:[93m4[0m:[93m30[0m - [91merror[0m[90m TS2304: [0mCannot find name 'HttpException'.

[7m4[0m const errorHandler = (error: HttpException, req: Request, res: Response, next: NextFunction) => {
[7m [0m [91m                             ~~~~~~~~~~~~~[0m

    at createTSError (F:\Literatura UBT\Tema Diplomes\Projekti\rest\node_modules\ts-node\src\index.ts:859:12)
    at reportTSError (F:\Literatura UBT\Tema Diplomes\Projekti\rest\node_modules\ts-node\src\index.ts:863:19)
    at getOutput (F:\Literatura UBT\Tema Diplomes\Projekti\rest\node_modules\ts-node\src\index.ts:1077:36)
    at Object.compile (F:\Literatura UBT\Tema Diplomes\Projekti\rest\node_modules\ts-node\src\index.ts:1433:41)
    at Module.m._compile (F:\Literatura UBT\Tema Diplomes\Projekti\rest\node_modules\ts-node\src\index.ts:1617:30)
    at Module._extensions..js (internal/modules/cjs/loader.js:1092:10)
    at Object.require.extensions.<computed> [as .ts] (F:\Literatura UBT\Tema Diplomes\Projekti\rest\node_modules\ts-node\src\index.ts:1621:12)
    at Module.load (internal/modules/cjs/loader.js:928:32)
    at Function.Module._load (internal/modules/cjs/loader.js:769:14)
    at Module.require (internal/modules/cjs/loader.js:952:19)
2022-10-08 00:07:15 error: uncaughtException: тип Unable to compile TypeScript:
[96msrc/middleware/errorHandler.ts[0m:[93m4[0m:[93m30[0m - [91merror[0m[90m TS2304: [0mCannot find name 'HttpException'.

[7m4[0m const errorHandler = (error: HttpException, req: Request, res: Response, next: NextFunction) => {
[7m [0m [91m                             ~~~~~~~~~~~~~[0m

TSError: тип Unable to compile TypeScript:
[96msrc/middleware/errorHandler.ts[0m:[93m4[0m:[93m30[0m - [91merror[0m[90m TS2304: [0mCannot find name 'HttpException'.

[7m4[0m const errorHandler = (error: HttpException, req: Request, res: Response, next: NextFunction) => {
[7m [0m [91m                             ~~~~~~~~~~~~~[0m

    at createTSError (F:\Literatura UBT\Tema Diplomes\Projekti\rest\node_modules\ts-node\src\index.ts:859:12)
    at reportTSError (F:\Literatura UBT\Tema Diplomes\Projekti\rest\node_modules\ts-node\src\index.ts:863:19)
    at getOutput (F:\Literatura UBT\Tema Diplomes\Projekti\rest\node_modules\ts-node\src\index.ts:1077:36)
    at Object.compile (F:\Literatura UBT\Tema Diplomes\Projekti\rest\node_modules\ts-node\src\index.ts:1433:41)
    at Module.m._compile (F:\Literatura UBT\Tema Diplomes\Projekti\rest\node_modules\ts-node\src\index.ts:1617:30)
    at Module._extensions..js (internal/modules/cjs/loader.js:1092:10)
    at Object.require.extensions.<computed> [as .ts] (F:\Literatura UBT\Tema Diplomes\Projekti\rest\node_modules\ts-node\src\index.ts:1621:12)
    at Module.load (internal/modules/cjs/loader.js:928:32)
    at Function.Module._load (internal/modules/cjs/loader.js:769:14)
    at Module.require (internal/modules/cjs/loader.js:952:19)
2022-10-08 00:09:13 error: uncaughtException: тип Unable to compile TypeScript:
[96msrc/middleware/errorHandler.ts[0m:[93m4[0m:[93m30[0m - [91merror[0m[90m TS2304: [0mCannot find name 'HttpException'.

[7m4[0m const errorHandler = (error: HttpException, req: Request, res: Response, next: NextFunction) => {
[7m [0m [91m                             ~~~~~~~~~~~~~[0m

TSError: тип Unable to compile TypeScript:
[96msrc/middleware/errorHandler.ts[0m:[93m4[0m:[93m30[0m - [91merror[0m[90m TS2304: [0mCannot find name 'HttpException'.

[7m4[0m const errorHandler = (error: HttpException, req: Request, res: Response, next: NextFunction) => {
[7m [0m [91m                             ~~~~~~~~~~~~~[0m

    at createTSError (F:\Literatura UBT\Tema Diplomes\Projekti\rest\node_modules\ts-node\src\index.ts:859:12)
    at reportTSError (F:\Literatura UBT\Tema Diplomes\Projekti\rest\node_modules\ts-node\src\index.ts:863:19)
    at getOutput (F:\Literatura UBT\Tema Diplomes\Projekti\rest\node_modules\ts-node\src\index.ts:1077:36)
    at Object.compile (F:\Literatura UBT\Tema Diplomes\Projekti\rest\node_modules\ts-node\src\index.ts:1433:41)
    at Module.m._compile (F:\Literatura UBT\Tema Diplomes\Projekti\rest\node_modules\ts-node\src\index.ts:1617:30)
    at Module._extensions..js (internal/modules/cjs/loader.js:1092:10)
    at Object.require.extensions.<computed> [as .ts] (F:\Literatura UBT\Tema Diplomes\Projekti\rest\node_modules\ts-node\src\index.ts:1621:12)
    at Module.load (internal/modules/cjs/loader.js:928:32)
    at Function.Module._load (internal/modules/cjs/loader.js:769:14)
    at Module.require (internal/modules/cjs/loader.js:952:19)
2022-10-08 00:12:42 error: uncaughtException: тип Unable to compile TypeScript:
[96msrc/middleware/errorHandler.ts[0m:[93m4[0m:[93m30[0m - [91merror[0m[90m TS2304: [0mCannot find name 'HttpException'.

[7m4[0m const errorHandler = (error: HttpException, req: Request, res: Response, next: NextFunction) => {
[7m [0m [91m                             ~~~~~~~~~~~~~[0m

TSError: тип Unable to compile TypeScript:
[96msrc/middleware/errorHandler.ts[0m:[93m4[0m:[93m30[0m - [91merror[0m[90m TS2304: [0mCannot find name 'HttpException'.

[7m4[0m const errorHandler = (error: HttpException, req: Request, res: Response, next: NextFunction) => {
[7m [0m [91m                             ~~~~~~~~~~~~~[0m

    at createTSError (F:\Literatura UBT\Tema Diplomes\Projekti\rest\node_modules\ts-node\src\index.ts:859:12)
    at reportTSError (F:\Literatura UBT\Tema Diplomes\Projekti\rest\node_modules\ts-node\src\index.ts:863:19)
    at getOutput (F:\Literatura UBT\Tema Diplomes\Projekti\rest\node_modules\ts-node\src\index.ts:1077:36)
    at Object.compile (F:\Literatura UBT\Tema Diplomes\Projekti\rest\node_modules\ts-node\src\index.ts:1433:41)
    at Module.m._compile (F:\Literatura UBT\Tema Diplomes\Projekti\rest\node_modules\ts-node\src\index.ts:1617:30)
    at Module._extensions..js (internal/modules/cjs/loader.js:1092:10)
    at Object.require.extensions.<computed> [as .ts] (F:\Literatura UBT\Tema Diplomes\Projekti\rest\node_modules\ts-node\src\index.ts:1621:12)
    at Module.load (internal/modules/cjs/loader.js:928:32)
    at Function.Module._load (internal/modules/cjs/loader.js:769:14)
    at Module.require (internal/modules/cjs/loader.js:952:19)
2022-10-08 00:15:02 error: uncaughtException: тип Unable to compile TypeScript:
[96msrc/middleware/errorHandler.ts[0m:[93m4[0m:[93m30[0m - [91merror[0m[90m TS2304: [0mCannot find name 'HttpException'.

[7m4[0m const errorHandler = (error: HttpException, req: Request, res: Response, next: NextFunction) => {
[7m [0m [91m                             ~~~~~~~~~~~~~[0m

TSError: тип Unable to compile TypeScript:
[96msrc/middleware/errorHandler.ts[0m:[93m4[0m:[93m30[0m - [91merror[0m[90m TS2304: [0mCannot find name 'HttpException'.

[7m4[0m const errorHandler = (error: HttpException, req: Request, res: Response, next: NextFunction) => {
[7m [0m [91m                             ~~~~~~~~~~~~~[0m

    at createTSError (F:\Literatura UBT\Tema Diplomes\Projekti\rest\node_modules\ts-node\src\index.ts:859:12)
    at reportTSError (F:\Literatura UBT\Tema Diplomes\Projekti\rest\node_modules\ts-node\src\index.ts:863:19)
    at getOutput (F:\Literatura UBT\Tema Diplomes\Projekti\rest\node_modules\ts-node\src\index.ts:1077:36)
    at Object.compile (F:\Literatura UBT\Tema Diplomes\Projekti\rest\node_modules\ts-node\src\index.ts:1433:41)
    at Module.m._compile (F:\Literatura UBT\Tema Diplomes\Projekti\rest\node_modules\ts-node\src\index.ts:1617:30)
    at Module._extensions..js (internal/modules/cjs/loader.js:1092:10)
    at Object.require.extensions.<computed> [as .ts] (F:\Literatura UBT\Tema Diplomes\Projekti\rest\node_modules\ts-node\src\index.ts:1621:12)
    at Module.load (internal/modules/cjs/loader.js:928:32)
    at Function.Module._load (internal/modules/cjs/loader.js:769:14)
    at Module.require (internal/modules/cjs/loader.js:952:19)
2022-10-08 00:16:40 error: uncaughtException: тип Unable to compile TypeScript:
[96msrc/middleware/errorHandler.ts[0m:[93m4[0m:[93m30[0m - [91merror[0m[90m TS2304: [0mCannot find name 'HttpException'.

[7m4[0m const errorHandler = (error: HttpException, req: Request, res: Response, next: NextFunction) => {
[7m [0m [91m                             ~~~~~~~~~~~~~[0m

TSError: тип Unable to compile TypeScript:
[96msrc/middleware/errorHandler.ts[0m:[93m4[0m:[93m30[0m - [91merror[0m[90m TS2304: [0mCannot find name 'HttpException'.

[7m4[0m const errorHandler = (error: HttpException, req: Request, res: Response, next: NextFunction) => {
[7m [0m [91m                             ~~~~~~~~~~~~~[0m

    at createTSError (F:\Literatura UBT\Tema Diplomes\Projekti\rest\node_modules\ts-node\src\index.ts:859:12)
    at reportTSError (F:\Literatura UBT\Tema Diplomes\Projekti\rest\node_modules\ts-node\src\index.ts:863:19)
    at getOutput (F:\Literatura UBT\Tema Diplomes\Projekti\rest\node_modules\ts-node\src\index.ts:1077:36)
    at Object.compile (F:\Literatura UBT\Tema Diplomes\Projekti\rest\node_modules\ts-node\src\index.ts:1433:41)
    at Module.m._compile (F:\Literatura UBT\Tema Diplomes\Projekti\rest\node_modules\ts-node\src\index.ts:1617:30)
    at Module._extensions..js (internal/modules/cjs/loader.js:1092:10)
    at Object.require.extensions.<computed> [as .ts] (F:\Literatura UBT\Tema Diplomes\Projekti\rest\node_modules\ts-node\src\index.ts:1621:12)
    at Module.load (internal/modules/cjs/loader.js:928:32)
    at Function.Module._load (internal/modules/cjs/loader.js:769:14)
    at Module.require (internal/modules/cjs/loader.js:952:19)
2022-10-08 00:17:11 error: uncaughtException: тип Unable to compile TypeScript:
[96msrc/middleware/errorHandler.ts[0m:[93m4[0m:[93m30[0m - [91merror[0m[90m TS2304: [0mCannot find name 'HttpException'.

[7m4[0m const errorHandler = (error: HttpException, req: Request, res: Response, next: NextFunction) => {
[7m [0m [91m                             ~~~~~~~~~~~~~[0m

TSError: тип Unable to compile TypeScript:
[96msrc/middleware/errorHandler.ts[0m:[93m4[0m:[93m30[0m - [91merror[0m[90m TS2304: [0mCannot find name 'HttpException'.

[7m4[0m const errorHandler = (error: HttpException, req: Request, res: Response, next: NextFunction) => {
[7m [0m [91m                             ~~~~~~~~~~~~~[0m

    at createTSError (F:\Literatura UBT\Tema Diplomes\Projekti\rest\node_modules\ts-node\src\index.ts:859:12)
    at reportTSError (F:\Literatura UBT\Tema Diplomes\Projekti\rest\node_modules\ts-node\src\index.ts:863:19)
    at getOutput (F:\Literatura UBT\Tema Diplomes\Projekti\rest\node_modules\ts-node\src\index.ts:1077:36)
    at Object.compile (F:\Literatura UBT\Tema Diplomes\Projekti\rest\node_modules\ts-node\src\index.ts:1433:41)
    at Module.m._compile (F:\Literatura UBT\Tema Diplomes\Projekti\rest\node_modules\ts-node\src\index.ts:1617:30)
    at Module._extensions..js (internal/modules/cjs/loader.js:1092:10)
    at Object.require.extensions.<computed> [as .ts] (F:\Literatura UBT\Tema Diplomes\Projekti\rest\node_modules\ts-node\src\index.ts:1621:12)
    at Module.load (internal/modules/cjs/loader.js:928:32)
    at Function.Module._load (internal/modules/cjs/loader.js:769:14)
    at Module.require (internal/modules/cjs/loader.js:952:19)
2022-10-08 00:18:01 error: uncaughtException: тип Unable to compile TypeScript:
[96msrc/middleware/errorHandler.ts[0m:[93m4[0m:[93m30[0m - [91merror[0m[90m TS2304: [0mCannot find name 'HttpException'.

[7m4[0m const errorHandler = (error: HttpException, req: Request, res: Response, next: NextFunction) => {
[7m [0m [91m                             ~~~~~~~~~~~~~[0m

TSError: тип Unable to compile TypeScript:
[96msrc/middleware/errorHandler.ts[0m:[93m4[0m:[93m30[0m - [91merror[0m[90m TS2304: [0mCannot find name 'HttpException'.

[7m4[0m const errorHandler = (error: HttpException, req: Request, res: Response, next: NextFunction) => {
[7m [0m [91m                             ~~~~~~~~~~~~~[0m

    at createTSError (F:\Literatura UBT\Tema Diplomes\Projekti\rest\node_modules\ts-node\src\index.ts:859:12)
    at reportTSError (F:\Literatura UBT\Tema Diplomes\Projekti\rest\node_modules\ts-node\src\index.ts:863:19)
    at getOutput (F:\Literatura UBT\Tema Diplomes\Projekti\rest\node_modules\ts-node\src\index.ts:1077:36)
    at Object.compile (F:\Literatura UBT\Tema Diplomes\Projekti\rest\node_modules\ts-node\src\index.ts:1433:41)
    at Module.m._compile (F:\Literatura UBT\Tema Diplomes\Projekti\rest\node_modules\ts-node\src\index.ts:1617:30)
    at Module._extensions..js (internal/modules/cjs/loader.js:1092:10)
    at Object.require.extensions.<computed> [as .ts] (F:\Literatura UBT\Tema Diplomes\Projekti\rest\node_modules\ts-node\src\index.ts:1621:12)
    at Module.load (internal/modules/cjs/loader.js:928:32)
    at Function.Module._load (internal/modules/cjs/loader.js:769:14)
    at Module.require (internal/modules/cjs/loader.js:952:19)
2022-10-08 00:23:12 error: uncaughtException: тип Unable to compile TypeScript:
[96msrc/middleware/errorHandler.ts[0m:[93m4[0m:[93m51[0m - [91merror[0m[90m TS2304: [0mCannot find name 'HttpException'.

[7m4[0m const errorHandler: ErrorRequestHandler = (error: HttpException, req: Request, res: Response, next: NextFunction) => {
[7m [0m [91m                                                  ~~~~~~~~~~~~~[0m

TSError: тип Unable to compile TypeScript:
[96msrc/middleware/errorHandler.ts[0m:[93m4[0m:[93m51[0m - [91merror[0m[90m TS2304: [0mCannot find name 'HttpException'.

[7m4[0m const errorHandler: ErrorRequestHandler = (error: HttpException, req: Request, res: Response, next: NextFunction) => {
[7m [0m [91m                                                  ~~~~~~~~~~~~~[0m

    at createTSError (F:\Literatura UBT\Tema Diplomes\Projekti\rest\node_modules\ts-node\src\index.ts:859:12)
    at reportTSError (F:\Literatura UBT\Tema Diplomes\Projekti\rest\node_modules\ts-node\src\index.ts:863:19)
    at getOutput (F:\Literatura UBT\Tema Diplomes\Projekti\rest\node_modules\ts-node\src\index.ts:1077:36)
    at Object.compile (F:\Literatura UBT\Tema Diplomes\Projekti\rest\node_modules\ts-node\src\index.ts:1433:41)
    at Module.m._compile (F:\Literatura UBT\Tema Diplomes\Projekti\rest\node_modules\ts-node\src\index.ts:1617:30)
    at Module._extensions..js (internal/modules/cjs/loader.js:1092:10)
    at Object.require.extensions.<computed> [as .ts] (F:\Literatura UBT\Tema Diplomes\Projekti\rest\node_modules\ts-node\src\index.ts:1621:12)
    at Module.load (internal/modules/cjs/loader.js:928:32)
    at Function.Module._load (internal/modules/cjs/loader.js:769:14)
    at Module.require (internal/modules/cjs/loader.js:952:19)
2022-10-08 00:24:14 error: uncaughtException: тип Unable to compile TypeScript:
[96msrc/middleware/errorHandler.ts[0m:[93m4[0m:[93m51[0m - [91merror[0m[90m TS2304: [0mCannot find name 'HttpException'.

[7m4[0m const errorHandler: ErrorRequestHandler = (error: HttpException, req: Request, res: Response, next: NextFunction) => {
[7m [0m [91m                                                  ~~~~~~~~~~~~~[0m

TSError: тип Unable to compile TypeScript:
[96msrc/middleware/errorHandler.ts[0m:[93m4[0m:[93m51[0m - [91merror[0m[90m TS2304: [0mCannot find name 'HttpException'.

[7m4[0m const errorHandler: ErrorRequestHandler = (error: HttpException, req: Request, res: Response, next: NextFunction) => {
[7m [0m [91m                                                  ~~~~~~~~~~~~~[0m

    at createTSError (F:\Literatura UBT\Tema Diplomes\Projekti\rest\node_modules\ts-node\src\index.ts:859:12)
    at reportTSError (F:\Literatura UBT\Tema Diplomes\Projekti\rest\node_modules\ts-node\src\index.ts:863:19)
    at getOutput (F:\Literatura UBT\Tema Diplomes\Projekti\rest\node_modules\ts-node\src\index.ts:1077:36)
    at Object.compile (F:\Literatura UBT\Tema Diplomes\Projekti\rest\node_modules\ts-node\src\index.ts:1433:41)
    at Module.m._compile (F:\Literatura UBT\Tema Diplomes\Projekti\rest\node_modules\ts-node\src\index.ts:1617:30)
    at Module._extensions..js (internal/modules/cjs/loader.js:1092:10)
    at Object.require.extensions.<computed> [as .ts] (F:\Literatura UBT\Tema Diplomes\Projekti\rest\node_modules\ts-node\src\index.ts:1621:12)
    at Module.load (internal/modules/cjs/loader.js:928:32)
    at Function.Module._load (internal/modules/cjs/loader.js:769:14)
    at Module.require (internal/modules/cjs/loader.js:952:19)
2022-10-08 00:24:46 error: uncaughtException: тип Unable to compile TypeScript:
[96msrc/middleware/errorHandler.ts[0m:[93m4[0m:[93m51[0m - [91merror[0m[90m TS2304: [0mCannot find name 'HttpException'.

[7m4[0m const errorHandler: ErrorRequestHandler = (error: HttpException, req: Request, res: Response, next: NextFunction) => {
[7m [0m [91m                                                  ~~~~~~~~~~~~~[0m

TSError: тип Unable to compile TypeScript:
[96msrc/middleware/errorHandler.ts[0m:[93m4[0m:[93m51[0m - [91merror[0m[90m TS2304: [0mCannot find name 'HttpException'.

[7m4[0m const errorHandler: ErrorRequestHandler = (error: HttpException, req: Request, res: Response, next: NextFunction) => {
[7m [0m [91m                                                  ~~~~~~~~~~~~~[0m

    at createTSError (F:\Literatura UBT\Tema Diplomes\Projekti\rest\node_modules\ts-node\src\index.ts:859:12)
    at reportTSError (F:\Literatura UBT\Tema Diplomes\Projekti\rest\node_modules\ts-node\src\index.ts:863:19)
    at getOutput (F:\Literatura UBT\Tema Diplomes\Projekti\rest\node_modules\ts-node\src\index.ts:1077:36)
    at Object.compile (F:\Literatura UBT\Tema Diplomes\Projekti\rest\node_modules\ts-node\src\index.ts:1433:41)
    at Module.m._compile (F:\Literatura UBT\Tema Diplomes\Projekti\rest\node_modules\ts-node\src\index.ts:1617:30)
    at Module._extensions..js (internal/modules/cjs/loader.js:1092:10)
    at Object.require.extensions.<computed> [as .ts] (F:\Literatura UBT\Tema Diplomes\Projekti\rest\node_modules\ts-node\src\index.ts:1621:12)
    at Module.load (internal/modules/cjs/loader.js:928:32)
    at Function.Module._load (internal/modules/cjs/loader.js:769:14)
    at Module.require (internal/modules/cjs/loader.js:952:19)
2022-10-08 00:28:01 error: uncaughtException: тип Unable to compile TypeScript:
[96msrc/middleware/errorHandler.ts[0m:[93m4[0m:[93m51[0m - [91merror[0m[90m TS2304: [0mCannot find name 'HttpException'.

[7m4[0m const errorHandler: ErrorRequestHandler = (error: HttpException, req: Request, res: Response, next: NextFunction) => {
[7m [0m [91m                                                  ~~~~~~~~~~~~~[0m

TSError: тип Unable to compile TypeScript:
[96msrc/middleware/errorHandler.ts[0m:[93m4[0m:[93m51[0m - [91merror[0m[90m TS2304: [0mCannot find name 'HttpException'.

[7m4[0m const errorHandler: ErrorRequestHandler = (error: HttpException, req: Request, res: Response, next: NextFunction) => {
[7m [0m [91m                                                  ~~~~~~~~~~~~~[0m

    at createTSError (F:\Literatura UBT\Tema Diplomes\Projekti\rest\node_modules\ts-node\src\index.ts:859:12)
    at reportTSError (F:\Literatura UBT\Tema Diplomes\Projekti\rest\node_modules\ts-node\src\index.ts:863:19)
    at getOutput (F:\Literatura UBT\Tema Diplomes\Projekti\rest\node_modules\ts-node\src\index.ts:1077:36)
    at Object.compile (F:\Literatura UBT\Tema Diplomes\Projekti\rest\node_modules\ts-node\src\index.ts:1433:41)
    at Module.m._compile (F:\Literatura UBT\Tema Diplomes\Projekti\rest\node_modules\ts-node\src\index.ts:1617:30)
    at Module._extensions..js (internal/modules/cjs/loader.js:1092:10)
    at Object.require.extensions.<computed> [as .ts] (F:\Literatura UBT\Tema Diplomes\Projekti\rest\node_modules\ts-node\src\index.ts:1621:12)
    at Module.load (internal/modules/cjs/loader.js:928:32)
    at Function.Module._load (internal/modules/cjs/loader.js:769:14)
    at Module.require (internal/modules/cjs/loader.js:952:19)
2022-10-08 00:28:34 error: uncaughtException: тип Unable to compile TypeScript:
[96msrc/middleware/errorHandler.ts[0m:[93m4[0m:[93m51[0m - [91merror[0m[90m TS2304: [0mCannot find name 'HttpException'.

[7m4[0m const errorHandler: ErrorRequestHandler = (error: HttpException, req: Request, res: Response, next: NextFunction) => {
[7m [0m [91m                                                  ~~~~~~~~~~~~~[0m

TSError: тип Unable to compile TypeScript:
[96msrc/middleware/errorHandler.ts[0m:[93m4[0m:[93m51[0m - [91merror[0m[90m TS2304: [0mCannot find name 'HttpException'.

[7m4[0m const errorHandler: ErrorRequestHandler = (error: HttpException, req: Request, res: Response, next: NextFunction) => {
[7m [0m [91m                                                  ~~~~~~~~~~~~~[0m

    at createTSError (F:\Literatura UBT\Tema Diplomes\Projekti\rest\node_modules\ts-node\src\index.ts:859:12)
    at reportTSError (F:\Literatura UBT\Tema Diplomes\Projekti\rest\node_modules\ts-node\src\index.ts:863:19)
    at getOutput (F:\Literatura UBT\Tema Diplomes\Projekti\rest\node_modules\ts-node\src\index.ts:1077:36)
    at Object.compile (F:\Literatura UBT\Tema Diplomes\Projekti\rest\node_modules\ts-node\src\index.ts:1433:41)
    at Module.m._compile (F:\Literatura UBT\Tema Diplomes\Projekti\rest\node_modules\ts-node\src\index.ts:1617:30)
    at Module._extensions..js (internal/modules/cjs/loader.js:1092:10)
    at Object.require.extensions.<computed> [as .ts] (F:\Literatura UBT\Tema Diplomes\Projekti\rest\node_modules\ts-node\src\index.ts:1621:12)
    at Module.load (internal/modules/cjs/loader.js:928:32)
    at Function.Module._load (internal/modules/cjs/loader.js:769:14)
    at Module.require (internal/modules/cjs/loader.js:952:19)
2022-10-08 00:37:56 error: uncaughtException: тип Unable to compile TypeScript:
[96msrc/middleware/errorHandler.ts[0m:[93m4[0m:[93m51[0m - [91merror[0m[90m TS2304: [0mCannot find name 'HttpException'.

[7m4[0m const errorHandler: ErrorRequestHandler = (error: HttpException, req: Request, res: Response, next: NextFunction) => {
[7m [0m [91m                                                  ~~~~~~~~~~~~~[0m

TSError: тип Unable to compile TypeScript:
[96msrc/middleware/errorHandler.ts[0m:[93m4[0m:[93m51[0m - [91merror[0m[90m TS2304: [0mCannot find name 'HttpException'.

[7m4[0m const errorHandler: ErrorRequestHandler = (error: HttpException, req: Request, res: Response, next: NextFunction) => {
[7m [0m [91m                                                  ~~~~~~~~~~~~~[0m

    at createTSError (F:\Literatura UBT\Tema Diplomes\Projekti\rest\node_modules\ts-node\src\index.ts:859:12)
    at reportTSError (F:\Literatura UBT\Tema Diplomes\Projekti\rest\node_modules\ts-node\src\index.ts:863:19)
    at getOutput (F:\Literatura UBT\Tema Diplomes\Projekti\rest\node_modules\ts-node\src\index.ts:1077:36)
    at Object.compile (F:\Literatura UBT\Tema Diplomes\Projekti\rest\node_modules\ts-node\src\index.ts:1433:41)
    at Module.m._compile (F:\Literatura UBT\Tema Diplomes\Projekti\rest\node_modules\ts-node\src\index.ts:1617:30)
    at Module._extensions..js (internal/modules/cjs/loader.js:1092:10)
    at Object.require.extensions.<computed> [as .ts] (F:\Literatura UBT\Tema Diplomes\Projekti\rest\node_modules\ts-node\src\index.ts:1621:12)
    at Module.load (internal/modules/cjs/loader.js:928:32)
    at Function.Module._load (internal/modules/cjs/loader.js:769:14)
    at Module.require (internal/modules/cjs/loader.js:952:19)
2022-10-08 00:38:44 error: uncaughtException: тип Unable to compile TypeScript:
[96msrc/middleware/errorHandler.ts[0m:[93m4[0m:[93m51[0m - [91merror[0m[90m TS2304: [0mCannot find name 'HttpException'.

[7m4[0m const errorHandler: ErrorRequestHandler = (error: HttpException, req: Request, res: Response, next: NextFunction) => {
[7m [0m [91m                                                  ~~~~~~~~~~~~~[0m

TSError: тип Unable to compile TypeScript:
[96msrc/middleware/errorHandler.ts[0m:[93m4[0m:[93m51[0m - [91merror[0m[90m TS2304: [0mCannot find name 'HttpException'.

[7m4[0m const errorHandler: ErrorRequestHandler = (error: HttpException, req: Request, res: Response, next: NextFunction) => {
[7m [0m [91m                                                  ~~~~~~~~~~~~~[0m

    at createTSError (F:\Literatura UBT\Tema Diplomes\Projekti\rest\node_modules\ts-node\src\index.ts:859:12)
    at reportTSError (F:\Literatura UBT\Tema Diplomes\Projekti\rest\node_modules\ts-node\src\index.ts:863:19)
    at getOutput (F:\Literatura UBT\Tema Diplomes\Projekti\rest\node_modules\ts-node\src\index.ts:1077:36)
    at Object.compile (F:\Literatura UBT\Tema Diplomes\Projekti\rest\node_modules\ts-node\src\index.ts:1433:41)
    at Module.m._compile (F:\Literatura UBT\Tema Diplomes\Projekti\rest\node_modules\ts-node\src\index.ts:1617:30)
    at Module._extensions..js (internal/modules/cjs/loader.js:1092:10)
    at Object.require.extensions.<computed> [as .ts] (F:\Literatura UBT\Tema Diplomes\Projekti\rest\node_modules\ts-node\src\index.ts:1621:12)
    at Module.load (internal/modules/cjs/loader.js:928:32)
    at Function.Module._load (internal/modules/cjs/loader.js:769:14)
    at Module.require (internal/modules/cjs/loader.js:952:19)
2022-10-08 00:39:08 error: uncaughtException: тип Unable to compile TypeScript:
[96msrc/middleware/errorHandler.ts[0m:[93m4[0m:[93m51[0m - [91merror[0m[90m TS2304: [0mCannot find name 'HttpException'.

[7m4[0m const errorHandler: ErrorRequestHandler = (error: HttpException, req: Request, res: Response, next: NextFunction) => {
[7m [0m [91m                                                  ~~~~~~~~~~~~~[0m

TSError: тип Unable to compile TypeScript:
[96msrc/middleware/errorHandler.ts[0m:[93m4[0m:[93m51[0m - [91merror[0m[90m TS2304: [0mCannot find name 'HttpException'.

[7m4[0m const errorHandler: ErrorRequestHandler = (error: HttpException, req: Request, res: Response, next: NextFunction) => {
[7m [0m [91m                                                  ~~~~~~~~~~~~~[0m

    at createTSError (F:\Literatura UBT\Tema Diplomes\Projekti\rest\node_modules\ts-node\src\index.ts:859:12)
    at reportTSError (F:\Literatura UBT\Tema Diplomes\Projekti\rest\node_modules\ts-node\src\index.ts:863:19)
    at getOutput (F:\Literatura UBT\Tema Diplomes\Projekti\rest\node_modules\ts-node\src\index.ts:1077:36)
    at Object.compile (F:\Literatura UBT\Tema Diplomes\Projekti\rest\node_modules\ts-node\src\index.ts:1433:41)
    at Module.m._compile (F:\Literatura UBT\Tema Diplomes\Projekti\rest\node_modules\ts-node\src\index.ts:1617:30)
    at Module._extensions..js (internal/modules/cjs/loader.js:1092:10)
    at Object.require.extensions.<computed> [as .ts] (F:\Literatura UBT\Tema Diplomes\Projekti\rest\node_modules\ts-node\src\index.ts:1621:12)
    at Module.load (internal/modules/cjs/loader.js:928:32)
    at Function.Module._load (internal/modules/cjs/loader.js:769:14)
    at Module.require (internal/modules/cjs/loader.js:952:19)
2022-10-08 00:40:28 error: uncaughtException: тип Unable to compile TypeScript:
[96msrc/middleware/errorHandler.ts[0m:[93m4[0m:[93m51[0m - [91merror[0m[90m TS2304: [0mCannot find name 'HttpException'.

[7m4[0m const errorHandler: ErrorRequestHandler = (error: HttpException, req: Request, res: Response, next: NextFunction) => {
[7m [0m [91m                                                  ~~~~~~~~~~~~~[0m

TSError: тип Unable to compile TypeScript:
[96msrc/middleware/errorHandler.ts[0m:[93m4[0m:[93m51[0m - [91merror[0m[90m TS2304: [0mCannot find name 'HttpException'.

[7m4[0m const errorHandler: ErrorRequestHandler = (error: HttpException, req: Request, res: Response, next: NextFunction) => {
[7m [0m [91m                                                  ~~~~~~~~~~~~~[0m

    at createTSError (F:\Literatura UBT\Tema Diplomes\Projekti\rest\node_modules\ts-node\src\index.ts:859:12)
    at reportTSError (F:\Literatura UBT\Tema Diplomes\Projekti\rest\node_modules\ts-node\src\index.ts:863:19)
    at getOutput (F:\Literatura UBT\Tema Diplomes\Projekti\rest\node_modules\ts-node\src\index.ts:1077:36)
    at Object.compile (F:\Literatura UBT\Tema Diplomes\Projekti\rest\node_modules\ts-node\src\index.ts:1433:41)
    at Module.m._compile (F:\Literatura UBT\Tema Diplomes\Projekti\rest\node_modules\ts-node\src\index.ts:1617:30)
    at Module._extensions..js (internal/modules/cjs/loader.js:1092:10)
    at Object.require.extensions.<computed> [as .ts] (F:\Literatura UBT\Tema Diplomes\Projekti\rest\node_modules\ts-node\src\index.ts:1621:12)
    at Module.load (internal/modules/cjs/loader.js:928:32)
    at Function.Module._load (internal/modules/cjs/loader.js:769:14)
    at Module.require (internal/modules/cjs/loader.js:952:19)
2022-10-08 00:40:52 error: uncaughtException: тип Unable to compile TypeScript:
[96msrc/middleware/errorHandler.ts[0m:[93m4[0m:[93m51[0m - [91merror[0m[90m TS2304: [0mCannot find name 'HttpException'.

[7m4[0m const errorHandler: ErrorRequestHandler = (error: HttpException, req: Request, res: Response, next: NextFunction) => {
[7m [0m [91m                                                  ~~~~~~~~~~~~~[0m

TSError: тип Unable to compile TypeScript:
[96msrc/middleware/errorHandler.ts[0m:[93m4[0m:[93m51[0m - [91merror[0m[90m TS2304: [0mCannot find name 'HttpException'.

[7m4[0m const errorHandler: ErrorRequestHandler = (error: HttpException, req: Request, res: Response, next: NextFunction) => {
[7m [0m [91m                                                  ~~~~~~~~~~~~~[0m

    at createTSError (F:\Literatura UBT\Tema Diplomes\Projekti\rest\node_modules\ts-node\src\index.ts:859:12)
    at reportTSError (F:\Literatura UBT\Tema Diplomes\Projekti\rest\node_modules\ts-node\src\index.ts:863:19)
    at getOutput (F:\Literatura UBT\Tema Diplomes\Projekti\rest\node_modules\ts-node\src\index.ts:1077:36)
    at Object.compile (F:\Literatura UBT\Tema Diplomes\Projekti\rest\node_modules\ts-node\src\index.ts:1433:41)
    at Module.m._compile (F:\Literatura UBT\Tema Diplomes\Projekti\rest\node_modules\ts-node\src\index.ts:1617:30)
    at Module._extensions..js (internal/modules/cjs/loader.js:1092:10)
    at Object.require.extensions.<computed> [as .ts] (F:\Literatura UBT\Tema Diplomes\Projekti\rest\node_modules\ts-node\src\index.ts:1621:12)
    at Module.load (internal/modules/cjs/loader.js:928:32)
    at Function.Module._load (internal/modules/cjs/loader.js:769:14)
    at Module.require (internal/modules/cjs/loader.js:952:19)
